TpTrace Verbose: 0 : 16804, 1, 2023/02/27, 08:22:44.695, 4344603984271, vstest.console.dll, Version: 17.4.0-release-20221019-01 Current process architecture: X64
TpTrace Verbose: 0 : 16804, 1, 2023/02/27, 08:22:44.698, 4344604016589, vstest.console.dll, Runtime location: C:\Program Files\dotnet\shared\Microsoft.NETCore.App\7.0.0
TpTrace Verbose: 0 : 16804, 1, 2023/02/27, 08:22:44.705, 4344604089021, vstest.console.dll, ArtifactProcessingPostProcessModeProcessorExecutor.Initialize: ArtifactProcessingMode.Collect
TpTrace Verbose: 0 : 16804, 1, 2023/02/27, 08:22:44.706, 4344604091570, vstest.console.dll, TestSessionCorrelationIdProcessorModeProcessorExecutor.Initialize: TestSessionCorrelationId '8396_d41fe17b-85c9-49e8-a9ab-7310111c83bc'
TpTrace Information: 0 : 16804, 1, 2023/02/27, 08:22:44.719, 4344604220834, vstest.console.dll, FilePatternParser: The given file C:\Users\CarlosGamboa\Development\training\back-end\csharp\CareerLead.Domain\CareerLead.Domain.Test\bin\Debug\net7.0\fine-code-coverage\build-output\CareerLead.Domain.Test.dll is a full path.
TpTrace Verbose: 0 : 16804, 1, 2023/02/27, 08:22:44.732, 4344604354587, vstest.console.dll, TestPluginCache.DiscoverTestExtensions: finding test extensions in assemblies ends with: RuntimeProvider.dll TPluginInfo: Microsoft.VisualStudio.TestPlatform.Common.ExtensionFramework.Utilities.TestRuntimePluginInformation TExtension: Microsoft.VisualStudio.TestPlatform.ObjectModel.Host.ITestRuntimeProvider
TpTrace Verbose: 0 : 16804, 1, 2023/02/27, 08:22:44.732, 4344604357774, vstest.console.dll, TestPluginCache.GetExtensionPaths: Filtered extension paths: 
TpTrace Verbose: 0 : 16804, 1, 2023/02/27, 08:22:44.732, 4344604358837, vstest.console.dll, TestPluginCache.GetExtensionPaths: Added default extension paths: C:\Program Files\dotnet\sdk\7.0.100\Extensions\Microsoft.Diagnostics.NETCore.Client.dll
C:\Program Files\dotnet\sdk\7.0.100\Extensions\Microsoft.TestPlatform.Extensions.BlameDataCollector.dll
C:\Program Files\dotnet\sdk\7.0.100\Extensions\Microsoft.TestPlatform.Extensions.EventLogCollector.dll
C:\Program Files\dotnet\sdk\7.0.100\Extensions\Microsoft.TestPlatform.TestHostRuntimeProvider.dll
C:\Program Files\dotnet\sdk\7.0.100\Extensions\Microsoft.VisualStudio.TestPlatform.Extensions.Html.TestLogger.dll
C:\Program Files\dotnet\sdk\7.0.100\Extensions\Microsoft.VisualStudio.TestPlatform.Extensions.Trx.TestLogger.dll
TpTrace Verbose: 0 : 16804, 1, 2023/02/27, 08:22:44.732, 4344604359628, vstest.console.dll, TestPluginCache.GetExtensionPaths: Added unfilterableExtensionPaths: 
TpTrace Information: 0 : 16804, 1, 2023/02/27, 08:22:44.734, 4344604374053, vstest.console.dll, AssemblyResolver.ctor: Creating AssemblyResolver with searchDirectories C:\Program Files\dotnet\sdk\7.0.100\Extensions,C:\Program Files\dotnet\sdk\7.0.100
TpTrace Verbose: 0 : 16804, 1, 2023/02/27, 08:22:44.736, 4344604394139, vstest.console.dll, TestPluginCache.DiscoverTestExtensions: Discovering the extensions using extension path.
TpTrace Verbose: 0 : 16804, 1, 2023/02/27, 08:22:44.736, 4344604395893, vstest.console.dll, TestPluginCache.GetExtensionPaths: Filtered extension paths: 
TpTrace Verbose: 0 : 16804, 1, 2023/02/27, 08:22:44.736, 4344604396510, vstest.console.dll, TestPluginCache.GetExtensionPaths: Added default extension paths: C:\Program Files\dotnet\sdk\7.0.100\Extensions\Microsoft.Diagnostics.NETCore.Client.dll
C:\Program Files\dotnet\sdk\7.0.100\Extensions\Microsoft.TestPlatform.Extensions.BlameDataCollector.dll
C:\Program Files\dotnet\sdk\7.0.100\Extensions\Microsoft.TestPlatform.Extensions.EventLogCollector.dll
C:\Program Files\dotnet\sdk\7.0.100\Extensions\Microsoft.TestPlatform.TestHostRuntimeProvider.dll
C:\Program Files\dotnet\sdk\7.0.100\Extensions\Microsoft.VisualStudio.TestPlatform.Extensions.Html.TestLogger.dll
C:\Program Files\dotnet\sdk\7.0.100\Extensions\Microsoft.VisualStudio.TestPlatform.Extensions.Trx.TestLogger.dll
TpTrace Verbose: 0 : 16804, 1, 2023/02/27, 08:22:44.736, 4344604397036, vstest.console.dll, TestPluginCache.GetExtensionPaths: Added unfilterableExtensionPaths: 
TpTrace Verbose: 0 : 16804, 1, 2023/02/27, 08:22:44.736, 4344604399243, vstest.console.dll, TestPluginCache.DiscoverTestExtensions: Discovering the extensions using allExtensionPaths: C:\Program Files\dotnet\sdk\7.0.100\Extensions\Microsoft.Diagnostics.NETCore.Client.dll
C:\Program Files\dotnet\sdk\7.0.100\Extensions\Microsoft.TestPlatform.Extensions.BlameDataCollector.dll
C:\Program Files\dotnet\sdk\7.0.100\Extensions\Microsoft.TestPlatform.Extensions.EventLogCollector.dll
C:\Program Files\dotnet\sdk\7.0.100\Extensions\Microsoft.TestPlatform.TestHostRuntimeProvider.dll
C:\Program Files\dotnet\sdk\7.0.100\Extensions\Microsoft.VisualStudio.TestPlatform.Extensions.Html.TestLogger.dll
C:\Program Files\dotnet\sdk\7.0.100\Extensions\Microsoft.VisualStudio.TestPlatform.Extensions.Trx.TestLogger.dll
TpTrace Information: 0 : 16804, 1, 2023/02/27, 08:22:44.737, 4344604400771, vstest.console.dll, AssemblyResolver.AddSearchDirectories: Adding more searchDirectories C:\Program Files\dotnet\sdk\7.0.100\Extensions,C:\Program Files\dotnet\sdk\7.0.100
TpTrace Information: 0 : 16804, 1, 2023/02/27, 08:22:44.737, 4344604401477, vstest.console.dll, AssemblyResolver.AddSearchDirectories: Adding more searchDirectories C:\Program Files\dotnet\sdk\7.0.100\Extensions,C:\Program Files\dotnet\sdk\7.0.100
TpTrace Information: 0 : 16804, 1, 2023/02/27, 08:22:44.737, 4344604402008, vstest.console.dll, AssemblyResolver.AddSearchDirectories: Adding more searchDirectories C:\Program Files\dotnet\sdk\7.0.100\Extensions,C:\Program Files\dotnet\sdk\7.0.100
TpTrace Information: 0 : 16804, 1, 2023/02/27, 08:22:44.737, 4344604402437, vstest.console.dll, AssemblyResolver.AddSearchDirectories: Adding more searchDirectories C:\Program Files\dotnet\sdk\7.0.100\Extensions,C:\Program Files\dotnet\sdk\7.0.100
TpTrace Information: 0 : 16804, 1, 2023/02/27, 08:22:44.737, 4344604402853, vstest.console.dll, AssemblyResolver.AddSearchDirectories: Adding more searchDirectories C:\Program Files\dotnet\sdk\7.0.100\Extensions,C:\Program Files\dotnet\sdk\7.0.100
TpTrace Information: 0 : 16804, 1, 2023/02/27, 08:22:44.737, 4344604403309, vstest.console.dll, AssemblyResolver.AddSearchDirectories: Adding more searchDirectories C:\Program Files\dotnet\sdk\7.0.100\Extensions,C:\Program Files\dotnet\sdk\7.0.100
TpTrace Information: 0 : 16804, 1, 2023/02/27, 08:22:44.737, 4344604408702, vstest.console.dll, AssemblyResolver.OnResolve: Microsoft.Diagnostics.NETCore.Client: Resolving assembly.
TpTrace Information: 0 : 16804, 1, 2023/02/27, 08:22:44.737, 4344604409811, vstest.console.dll, AssemblyResolver.OnResolve: Microsoft.Diagnostics.NETCore.Client: Searching in: 'C:\Program Files\dotnet\sdk\7.0.100\Extensions'.
TpTrace Information: 0 : 16804, 1, 2023/02/27, 08:22:44.749, 4344604526897, vstest.console.dll, AssemblyResolver.OnResolve: Microsoft.Diagnostics.NETCore.Client: Loading assembly 'C:\Program Files\dotnet\sdk\7.0.100\Extensions\Microsoft.Diagnostics.NETCore.Client.dll'.
TpTrace Information: 0 : 16804, 1, 2023/02/27, 08:22:44.752, 4344604553995, vstest.console.dll, AssemblyResolver.OnResolve: Resolved assembly: Microsoft.Diagnostics.NETCore.Client, from path: C:\Program Files\dotnet\sdk\7.0.100\Extensions\Microsoft.Diagnostics.NETCore.Client.dll
TpTrace Verbose: 0 : 16804, 1, 2023/02/27, 08:22:44.753, 4344604569890, vstest.console.dll, MetadataReaderExtensionsHelper: Discovering extensions inside assembly 'Microsoft.Diagnostics.NETCore.Client, Version=0.2.6.42401, Culture=neutral, PublicKeyToken=31bf3856ad364e35' file path 'C:\Program Files\dotnet\sdk\7.0.100\Extensions\Microsoft.Diagnostics.NETCore.Client.dll'
TpTrace Information: 0 : 16804, 1, 2023/02/27, 08:22:44.761, 4344604644165, vstest.console.dll, AssemblyResolver.OnResolve: Microsoft.Bcl.AsyncInterfaces: Resolving assembly.
TpTrace Information: 0 : 16804, 1, 2023/02/27, 08:22:44.761, 4344604645420, vstest.console.dll, AssemblyResolver.OnResolve: Microsoft.Bcl.AsyncInterfaces: Searching in: 'C:\Program Files\dotnet\sdk\7.0.100\Extensions'.
TpTrace Information: 0 : 16804, 1, 2023/02/27, 08:22:44.761, 4344604646516, vstest.console.dll, AssemblyResolver.OnResolve: Microsoft.Bcl.AsyncInterfaces: Assembly path does not exist: 'C:\Program Files\dotnet\sdk\7.0.100\Extensions\Microsoft.Bcl.AsyncInterfaces.dll', returning.
TpTrace Information: 0 : 16804, 1, 2023/02/27, 08:22:44.761, 4344604648164, vstest.console.dll, AssemblyResolver.OnResolve: Microsoft.Bcl.AsyncInterfaces: Assembly path does not exist: 'C:\Program Files\dotnet\sdk\7.0.100\Extensions\Microsoft.Bcl.AsyncInterfaces.exe', returning.
TpTrace Information: 0 : 16804, 1, 2023/02/27, 08:22:44.761, 4344604648683, vstest.console.dll, AssemblyResolver.OnResolve: Microsoft.Bcl.AsyncInterfaces: Searching in: 'C:\Program Files\dotnet\sdk\7.0.100'.
TpTrace Information: 0 : 16804, 1, 2023/02/27, 08:22:44.761, 4344604649504, vstest.console.dll, AssemblyResolver.OnResolve: Microsoft.Bcl.AsyncInterfaces: Assembly path does not exist: 'C:\Program Files\dotnet\sdk\7.0.100\Microsoft.Bcl.AsyncInterfaces.dll', returning.
TpTrace Information: 0 : 16804, 1, 2023/02/27, 08:22:44.761, 4344604650280, vstest.console.dll, AssemblyResolver.OnResolve: Microsoft.Bcl.AsyncInterfaces: Assembly path does not exist: 'C:\Program Files\dotnet\sdk\7.0.100\Microsoft.Bcl.AsyncInterfaces.exe', returning.
TpTrace Information: 0 : 16804, 1, 2023/02/27, 08:22:44.762, 4344604650748, vstest.console.dll, AssemblyResolver.OnResolve: Microsoft.Bcl.AsyncInterfaces: Failed to load assembly.
TpTrace Verbose: 0 : 16804, 1, 2023/02/27, 08:22:44.762, 4344604651220, vstest.console.dll, CurrentDomainAssemblyResolve: Resolving assembly 'Microsoft.Bcl.AsyncInterfaces'.
TpTrace Information: 0 : 16804, 1, 2023/02/27, 08:22:44.762, 4344604651956, vstest.console.dll, AssemblyResolver.OnResolve: Microsoft.Bcl.AsyncInterfaces: Resolving assembly.
TpTrace Information: 0 : 16804, 1, 2023/02/27, 08:22:44.762, 4344604652467, vstest.console.dll, AssemblyResolver.OnResolve: Microsoft.Bcl.AsyncInterfaces: Resolved from cache.
TpTrace Verbose: 0 : 16804, 1, 2023/02/27, 08:22:44.762, 4344604652993, vstest.console.dll, CurrentDomainAssemblyResolve: Resolving assembly 'Microsoft.Bcl.AsyncInterfaces'.
TpTrace Verbose: 0 : 16804, 1, 2023/02/27, 08:22:44.762, 4344604653447, vstest.console.dll, CurrentDomainAssemblyResolve: Failed to resolve assembly 'Microsoft.Bcl.AsyncInterfaces'.
TpTrace Verbose: 0 : 16804, 1, 2023/02/27, 08:22:44.771, 4344604748638, vstest.console.dll, CurrentDomainAssemblyResolve: Failed to resolve assembly 'Microsoft.Bcl.AsyncInterfaces'.
TpTrace Warning: 0 : 16804, 1, 2023/02/27, 08:22:44.787, 4344604902932, vstest.console.dll, TestPluginDiscoverer: Failed to get types from assembly 'Microsoft.Diagnostics.NETCore.Client, Version=0.2.6.42401, Culture=neutral, PublicKeyToken=31bf3856ad364e35'. Error: System.Reflection.ReflectionTypeLoadException: Unable to load one or more of the requested types.
Could not load file or assembly 'Microsoft.Bcl.AsyncInterfaces, Version=1.0.0.0, Culture=neutral, PublicKeyToken=cc7b13ffcd2ddd51'. The system cannot find the file specified.
   at System.Reflection.RuntimeModule.GetTypes(RuntimeModule module)
   at System.Reflection.Assembly.GetTypes()
   at Microsoft.VisualStudio.TestPlatform.Common.ExtensionFramework.TestPluginDiscoverer.GetTestExtensionsFromAssembly[TPluginInfo,TExtension](Assembly assembly, Dictionary`2 pluginInfos, String filePath)
System.IO.FileNotFoundException: Could not load file or assembly 'Microsoft.Bcl.AsyncInterfaces, Version=1.0.0.0, Culture=neutral, PublicKeyToken=cc7b13ffcd2ddd51'. The system cannot find the file specified.
File name: 'Microsoft.Bcl.AsyncInterfaces, Version=1.0.0.0, Culture=neutral, PublicKeyToken=cc7b13ffcd2ddd51'
 ---> System.IO.FileNotFoundException: Could not load file or assembly 'Microsoft.Bcl.AsyncInterfaces, Culture=neutral, PublicKeyToken=null'. The system cannot find the file specified.
File name: 'Microsoft.Bcl.AsyncInterfaces, Culture=neutral, PublicKeyToken=null'
   at System.Reflection.RuntimeAssembly.InternalLoad(AssemblyName assemblyName, StackCrawlMark& stackMark, AssemblyLoadContext assemblyLoadContext, RuntimeAssembly requestingAssembly, Boolean throwOnFileNotFound)
   at System.Reflection.Assembly.Load(AssemblyName assemblyRef)
   at Microsoft.VisualStudio.TestPlatform.Common.ExtensionFramework.TestPluginCache.CurrentDomainAssemblyResolve(Object sender, AssemblyResolveEventArgs args)
   at System.Runtime.Loader.AssemblyLoadContext.GetFirstResolvedAssemblyFromResolvingEvent(AssemblyName assemblyName)
   at System.Runtime.Loader.AssemblyLoadContext.ResolveUsingEvent(AssemblyName assemblyName)
   at System.Runtime.Loader.AssemblyLoadContext.ResolveUsingResolvingEvent(IntPtr gchManagedAssemblyLoadContext, AssemblyName assemblyName)
TpTrace Warning: 0 : 16804, 1, 2023/02/27, 08:22:44.787, 4344604909154, vstest.console.dll, LoaderExceptions: System.IO.FileNotFoundException: Could not load file or assembly 'Microsoft.Bcl.AsyncInterfaces, Version=1.0.0.0, Culture=neutral, PublicKeyToken=cc7b13ffcd2ddd51'. The system cannot find the file specified.
File name: 'Microsoft.Bcl.AsyncInterfaces, Version=1.0.0.0, Culture=neutral, PublicKeyToken=cc7b13ffcd2ddd51'
 ---> System.IO.FileNotFoundException: Could not load file or assembly 'Microsoft.Bcl.AsyncInterfaces, Culture=neutral, PublicKeyToken=null'. The system cannot find the file specified.
File name: 'Microsoft.Bcl.AsyncInterfaces, Culture=neutral, PublicKeyToken=null'
   at System.Reflection.RuntimeAssembly.InternalLoad(AssemblyName assemblyName, StackCrawlMark& stackMark, AssemblyLoadContext assemblyLoadContext, RuntimeAssembly requestingAssembly, Boolean throwOnFileNotFound)
   at System.Reflection.Assembly.Load(AssemblyName assemblyRef)
   at Microsoft.VisualStudio.TestPlatform.Common.ExtensionFramework.TestPluginCache.CurrentDomainAssemblyResolve(Object sender, AssemblyResolveEventArgs args)
   at System.Runtime.Loader.AssemblyLoadContext.GetFirstResolvedAssemblyFromResolvingEvent(AssemblyName assemblyName)
   at System.Runtime.Loader.AssemblyLoadContext.ResolveUsingEvent(AssemblyName assemblyName)
   at System.Runtime.Loader.AssemblyLoadContext.ResolveUsingResolvingEvent(IntPtr gchManagedAssemblyLoadContext, AssemblyName assemblyName)
TpTrace Information: 0 : 16804, 1, 2023/02/27, 08:22:44.788, 4344604911745, vstest.console.dll, AssemblyResolver.OnResolve: Microsoft.TestPlatform.Extensions.BlameDataCollector: Resolving assembly.
TpTrace Information: 0 : 16804, 1, 2023/02/27, 08:22:44.788, 4344604912400, vstest.console.dll, AssemblyResolver.OnResolve: Microsoft.TestPlatform.Extensions.BlameDataCollector: Searching in: 'C:\Program Files\dotnet\sdk\7.0.100\Extensions'.
TpTrace Information: 0 : 16804, 1, 2023/02/27, 08:22:44.789, 4344604923875, vstest.console.dll, AssemblyResolver.OnResolve: Microsoft.TestPlatform.Extensions.BlameDataCollector: Loading assembly 'C:\Program Files\dotnet\sdk\7.0.100\Extensions\Microsoft.TestPlatform.Extensions.BlameDataCollector.dll'.
TpTrace Information: 0 : 16804, 1, 2023/02/27, 08:22:44.790, 4344604937069, vstest.console.dll, AssemblyResolver.OnResolve: Resolved assembly: Microsoft.TestPlatform.Extensions.BlameDataCollector, from path: C:\Program Files\dotnet\sdk\7.0.100\Extensions\Microsoft.TestPlatform.Extensions.BlameDataCollector.dll
TpTrace Verbose: 0 : 16804, 1, 2023/02/27, 08:22:44.790, 4344604938243, vstest.console.dll, MetadataReaderExtensionsHelper: Discovering extensions inside assembly 'Microsoft.TestPlatform.Extensions.BlameDataCollector, Version=15.0.0.0, Culture=neutral, PublicKeyToken=b03f5f7f11d50a3a' file path 'C:\Program Files\dotnet\sdk\7.0.100\Extensions\Microsoft.TestPlatform.Extensions.BlameDataCollector.dll'
TpTrace Information: 0 : 16804, 1, 2023/02/27, 08:22:44.793, 4344604968435, vstest.console.dll, AssemblyResolver.OnResolve: Microsoft.TestPlatform.Extensions.EventLogCollector: Resolving assembly.
TpTrace Information: 0 : 16804, 1, 2023/02/27, 08:22:44.793, 4344604969206, vstest.console.dll, AssemblyResolver.OnResolve: Microsoft.TestPlatform.Extensions.EventLogCollector: Searching in: 'C:\Program Files\dotnet\sdk\7.0.100\Extensions'.
TpTrace Information: 0 : 16804, 1, 2023/02/27, 08:22:44.794, 4344604976322, vstest.console.dll, AssemblyResolver.OnResolve: Microsoft.TestPlatform.Extensions.EventLogCollector: Loading assembly 'C:\Program Files\dotnet\sdk\7.0.100\Extensions\Microsoft.TestPlatform.Extensions.EventLogCollector.dll'.
TpTrace Information: 0 : 16804, 1, 2023/02/27, 08:22:44.795, 4344604986419, vstest.console.dll, AssemblyResolver.OnResolve: Resolved assembly: Microsoft.TestPlatform.Extensions.EventLogCollector, from path: C:\Program Files\dotnet\sdk\7.0.100\Extensions\Microsoft.TestPlatform.Extensions.EventLogCollector.dll
TpTrace Verbose: 0 : 16804, 1, 2023/02/27, 08:22:44.795, 4344604987311, vstest.console.dll, MetadataReaderExtensionsHelper: Discovering extensions inside assembly 'Microsoft.TestPlatform.Extensions.EventLogCollector, Version=15.0.0.0, Culture=neutral, PublicKeyToken=b03f5f7f11d50a3a' file path 'C:\Program Files\dotnet\sdk\7.0.100\Extensions\Microsoft.TestPlatform.Extensions.EventLogCollector.dll'
TpTrace Information: 0 : 16804, 1, 2023/02/27, 08:22:44.798, 4344605013686, vstest.console.dll, AssemblyResolver.OnResolve: Microsoft.TestPlatform.TestHostRuntimeProvider: Resolving assembly.
TpTrace Information: 0 : 16804, 1, 2023/02/27, 08:22:44.798, 4344605014659, vstest.console.dll, AssemblyResolver.OnResolve: Microsoft.TestPlatform.TestHostRuntimeProvider: Searching in: 'C:\Program Files\dotnet\sdk\7.0.100\Extensions'.
TpTrace Information: 0 : 16804, 1, 2023/02/27, 08:22:44.799, 4344605021995, vstest.console.dll, AssemblyResolver.OnResolve: Microsoft.TestPlatform.TestHostRuntimeProvider: Loading assembly 'C:\Program Files\dotnet\sdk\7.0.100\Extensions\Microsoft.TestPlatform.TestHostRuntimeProvider.dll'.
TpTrace Information: 0 : 16804, 1, 2023/02/27, 08:22:44.800, 4344605035321, vstest.console.dll, AssemblyResolver.OnResolve: Resolved assembly: Microsoft.TestPlatform.TestHostRuntimeProvider, from path: C:\Program Files\dotnet\sdk\7.0.100\Extensions\Microsoft.TestPlatform.TestHostRuntimeProvider.dll
TpTrace Verbose: 0 : 16804, 1, 2023/02/27, 08:22:44.800, 4344605036448, vstest.console.dll, MetadataReaderExtensionsHelper: Discovering extensions inside assembly 'Microsoft.TestPlatform.TestHostRuntimeProvider, Version=15.0.0.0, Culture=neutral, PublicKeyToken=b03f5f7f11d50a3a' file path 'C:\Program Files\dotnet\sdk\7.0.100\Extensions\Microsoft.TestPlatform.TestHostRuntimeProvider.dll'
TpTrace Information: 0 : 16804, 1, 2023/02/27, 08:22:44.803, 4344605062818, vstest.console.dll, GetTestExtensionFromType: Register extension with identifier data 'HostProvider://DefaultTestHost' and type 'Microsoft.VisualStudio.TestPlatform.CrossPlatEngine.Hosting.DefaultTestHostManager, Microsoft.TestPlatform.TestHostRuntimeProvider, Version=15.0.0.0, Culture=neutral, PublicKeyToken=b03f5f7f11d50a3a' inside file 'C:\Program Files\dotnet\sdk\7.0.100\Extensions\Microsoft.TestPlatform.TestHostRuntimeProvider.dll'
TpTrace Information: 0 : 16804, 1, 2023/02/27, 08:22:44.803, 4344605066119, vstest.console.dll, GetTestExtensionFromType: Register extension with identifier data 'HostProvider://DotnetTestHost' and type 'Microsoft.VisualStudio.TestPlatform.CrossPlatEngine.Hosting.DotnetTestHostManager, Microsoft.TestPlatform.TestHostRuntimeProvider, Version=15.0.0.0, Culture=neutral, PublicKeyToken=b03f5f7f11d50a3a' inside file 'C:\Program Files\dotnet\sdk\7.0.100\Extensions\Microsoft.TestPlatform.TestHostRuntimeProvider.dll'
TpTrace Information: 0 : 16804, 1, 2023/02/27, 08:22:44.803, 4344605067178, vstest.console.dll, AssemblyResolver.OnResolve: Microsoft.VisualStudio.TestPlatform.Extensions.Html.TestLogger: Resolving assembly.
TpTrace Information: 0 : 16804, 1, 2023/02/27, 08:22:44.803, 4344605067737, vstest.console.dll, AssemblyResolver.OnResolve: Microsoft.VisualStudio.TestPlatform.Extensions.Html.TestLogger: Searching in: 'C:\Program Files\dotnet\sdk\7.0.100\Extensions'.
TpTrace Information: 0 : 16804, 1, 2023/02/27, 08:22:44.804, 4344605078330, vstest.console.dll, AssemblyResolver.OnResolve: Microsoft.VisualStudio.TestPlatform.Extensions.Html.TestLogger: Loading assembly 'C:\Program Files\dotnet\sdk\7.0.100\Extensions\Microsoft.VisualStudio.TestPlatform.Extensions.Html.TestLogger.dll'.
TpTrace Information: 0 : 16804, 1, 2023/02/27, 08:22:44.805, 4344605089531, vstest.console.dll, AssemblyResolver.OnResolve: Resolved assembly: Microsoft.VisualStudio.TestPlatform.Extensions.Html.TestLogger, from path: C:\Program Files\dotnet\sdk\7.0.100\Extensions\Microsoft.VisualStudio.TestPlatform.Extensions.Html.TestLogger.dll
TpTrace Verbose: 0 : 16804, 1, 2023/02/27, 08:22:44.806, 4344605090522, vstest.console.dll, MetadataReaderExtensionsHelper: Discovering extensions inside assembly 'Microsoft.VisualStudio.TestPlatform.Extensions.Html.TestLogger, Version=15.0.0.0, Culture=neutral, PublicKeyToken=b03f5f7f11d50a3a' file path 'C:\Program Files\dotnet\sdk\7.0.100\Extensions\Microsoft.VisualStudio.TestPlatform.Extensions.Html.TestLogger.dll'
TpTrace Information: 0 : 16804, 1, 2023/02/27, 08:22:44.807, 4344605102186, vstest.console.dll, AssemblyResolver.OnResolve: Microsoft.VisualStudio.TestPlatform.Extensions.Trx.TestLogger: Resolving assembly.
TpTrace Information: 0 : 16804, 1, 2023/02/27, 08:22:44.807, 4344605102951, vstest.console.dll, AssemblyResolver.OnResolve: Microsoft.VisualStudio.TestPlatform.Extensions.Trx.TestLogger: Searching in: 'C:\Program Files\dotnet\sdk\7.0.100\Extensions'.
TpTrace Information: 0 : 16804, 1, 2023/02/27, 08:22:44.808, 4344605116988, vstest.console.dll, AssemblyResolver.OnResolve: Microsoft.VisualStudio.TestPlatform.Extensions.Trx.TestLogger: Loading assembly 'C:\Program Files\dotnet\sdk\7.0.100\Extensions\Microsoft.VisualStudio.TestPlatform.Extensions.Trx.TestLogger.dll'.
TpTrace Information: 0 : 16804, 1, 2023/02/27, 08:22:44.810, 4344605132077, vstest.console.dll, AssemblyResolver.OnResolve: Resolved assembly: Microsoft.VisualStudio.TestPlatform.Extensions.Trx.TestLogger, from path: C:\Program Files\dotnet\sdk\7.0.100\Extensions\Microsoft.VisualStudio.TestPlatform.Extensions.Trx.TestLogger.dll
TpTrace Verbose: 0 : 16804, 1, 2023/02/27, 08:22:44.810, 4344605133028, vstest.console.dll, MetadataReaderExtensionsHelper: Discovering extensions inside assembly 'Microsoft.VisualStudio.TestPlatform.Extensions.Trx.TestLogger, Version=15.0.0.0, Culture=neutral, PublicKeyToken=b03f5f7f11d50a3a' file path 'C:\Program Files\dotnet\sdk\7.0.100\Extensions\Microsoft.VisualStudio.TestPlatform.Extensions.Trx.TestLogger.dll'
TpTrace Verbose: 0 : 16804, 1, 2023/02/27, 08:22:44.811, 4344605149814, vstest.console.dll, TestPluginCache: Discovered the extensions using extension path ''.
TpTrace Verbose: 0 : 16804, 1, 2023/02/27, 08:22:44.812, 4344605150710, vstest.console.dll, TestPluginCache: Discoverers are ''.
TpTrace Verbose: 0 : 16804, 1, 2023/02/27, 08:22:44.812, 4344605151121, vstest.console.dll, TestPluginCache: Executors are ''.
TpTrace Verbose: 0 : 16804, 1, 2023/02/27, 08:22:44.812, 4344605151457, vstest.console.dll, TestPluginCache: Executors2 are ''.
TpTrace Verbose: 0 : 16804, 1, 2023/02/27, 08:22:44.812, 4344605151784, vstest.console.dll, TestPluginCache: Setting providers are ''.
TpTrace Verbose: 0 : 16804, 1, 2023/02/27, 08:22:44.812, 4344605152107, vstest.console.dll, TestPluginCache: Loggers are ''.
TpTrace Verbose: 0 : 16804, 1, 2023/02/27, 08:22:44.812, 4344605153275, vstest.console.dll, TestPluginCache: TestHosts are 'HostProvider://DefaultTestHost,HostProvider://DotnetTestHost'.
TpTrace Verbose: 0 : 16804, 1, 2023/02/27, 08:22:44.812, 4344605153774, vstest.console.dll, TestPluginCache: DataCollectors are ''.
TpTrace Information: 0 : 16804, 1, 2023/02/27, 08:22:44.839, 4344605423238, vstest.console.dll, RunTestsArgumentProcessor:Execute: Test run is starting.
TpTrace Verbose: 0 : 16804, 1, 2023/02/27, 08:22:44.839, 4344605424699, vstest.console.dll, RunTestsArgumentProcessor:Execute: Queuing Test run.
TpTrace Information: 0 : 16804, 1, 2023/02/27, 08:22:44.839, 4344605427622, vstest.console.dll, TestRequestManager.RunTests: run tests started.
TpTrace Information: 0 : 16804, 1, 2023/02/27, 08:22:44.841, 4344605442866, vstest.console.dll, AssemblyMetadataProvider.GetFrameworkName: Determined framework:'.NETCoreApp,Version=v7.0' for source: 'C:\Users\CarlosGamboa\Development\training\back-end\csharp\CareerLead.Domain\CareerLead.Domain.Test\bin\Debug\net7.0\fine-code-coverage\build-output\CareerLead.Domain.Test.dll'
TpTrace Information: 0 : 16804, 1, 2023/02/27, 08:22:44.841, 4344605445081, vstest.console.dll, Determined framework for all sources: .NETCoreApp,Version=v7.0
TpTrace Verbose: 0 : 16804, 1, 2023/02/27, 08:22:44.841, 4344605449747, vstest.console.dll, TestRequestManager.UpdateRunSettingsIfRequired: Default architecture: X64 IsDefaultTargetArchitecture: True, Current process architecture: X64 OperatingSystem: Windows.
TpTrace Information: 0 : 16804, 1, 2023/02/27, 08:22:44.844, 4344605472715, vstest.console.dll, AssemblyMetadataProvider.GetArchitecture: Determined architecture:AnyCPU info for assembly: C:\Users\CarlosGamboa\Development\training\back-end\csharp\CareerLead.Domain\CareerLead.Domain.Test\bin\Debug\net7.0\fine-code-coverage\build-output\CareerLead.Domain.Test.dll
TpTrace Information: 0 : 16804, 1, 2023/02/27, 08:22:44.844, 4344605473415, vstest.console.dll, Determined platform for source 'C:\Users\CarlosGamboa\Development\training\back-end\csharp\CareerLead.Domain\CareerLead.Domain.Test\bin\Debug\net7.0\fine-code-coverage\build-output\CareerLead.Domain.Test.dll' was AnyCPU and it will use the default plaform X64.
TpTrace Information: 0 : 16804, 1, 2023/02/27, 08:22:44.844, 4344605473840, vstest.console.dll, None of the sources provided any runnable platform, using the default platform: X64
TpTrace Information: 0 : 16804, 1, 2023/02/27, 08:22:44.844, 4344605474883, vstest.console.dll, Platform was updated to 'X64'.
TpTrace Information: 0 : 16804, 1, 2023/02/27, 08:22:44.852, 4344605556042, vstest.console.dll, InferRunSettingsHelper.IsTestSettingsEnabled: Unable to navigate to RunSettings/MSTest. Current node: RunSettings
TpTrace Information: 0 : 16804, 1, 2023/02/27, 08:22:44.853, 4344605566536, vstest.console.dll, AssemblyResolver.OnResolve: Microsoft.VisualStudio.TestPlatform.Fakes: Resolving assembly.
TpTrace Information: 0 : 16804, 1, 2023/02/27, 08:22:44.853, 4344605567381, vstest.console.dll, AssemblyResolver.OnResolve: Microsoft.VisualStudio.TestPlatform.Fakes: Searching in: 'C:\Program Files\dotnet\sdk\7.0.100\Extensions'.
TpTrace Information: 0 : 16804, 1, 2023/02/27, 08:22:44.853, 4344605568521, vstest.console.dll, AssemblyResolver.OnResolve: Microsoft.VisualStudio.TestPlatform.Fakes: Assembly path does not exist: 'C:\Program Files\dotnet\sdk\7.0.100\Extensions\Microsoft.VisualStudio.TestPlatform.Fakes.dll', returning.
TpTrace Information: 0 : 16804, 1, 2023/02/27, 08:22:44.853, 4344605569399, vstest.console.dll, AssemblyResolver.OnResolve: Microsoft.VisualStudio.TestPlatform.Fakes: Assembly path does not exist: 'C:\Program Files\dotnet\sdk\7.0.100\Extensions\Microsoft.VisualStudio.TestPlatform.Fakes.exe', returning.
TpTrace Information: 0 : 16804, 1, 2023/02/27, 08:22:44.853, 4344605569831, vstest.console.dll, AssemblyResolver.OnResolve: Microsoft.VisualStudio.TestPlatform.Fakes: Searching in: 'C:\Program Files\dotnet\sdk\7.0.100'.
TpTrace Information: 0 : 16804, 1, 2023/02/27, 08:22:44.854, 4344605570777, vstest.console.dll, AssemblyResolver.OnResolve: Microsoft.VisualStudio.TestPlatform.Fakes: Assembly path does not exist: 'C:\Program Files\dotnet\sdk\7.0.100\Microsoft.VisualStudio.TestPlatform.Fakes.dll', returning.
TpTrace Information: 0 : 16804, 1, 2023/02/27, 08:22:44.854, 4344605571578, vstest.console.dll, AssemblyResolver.OnResolve: Microsoft.VisualStudio.TestPlatform.Fakes: Assembly path does not exist: 'C:\Program Files\dotnet\sdk\7.0.100\Microsoft.VisualStudio.TestPlatform.Fakes.exe', returning.
TpTrace Information: 0 : 16804, 1, 2023/02/27, 08:22:44.854, 4344605571997, vstest.console.dll, AssemblyResolver.OnResolve: Microsoft.VisualStudio.TestPlatform.Fakes: Failed to load assembly.
TpTrace Information: 0 : 16804, 1, 2023/02/27, 08:22:44.854, 4344605574867, vstest.console.dll, Failed to load assembly Microsoft.VisualStudio.TestPlatform.Fakes, Version=17.0.0.0, Culture=neutral. Reason:System.IO.FileNotFoundException: Could not load file or assembly 'Microsoft.VisualStudio.TestPlatform.Fakes, Version=17.0.0.0, Culture=neutral, PublicKeyToken=null'. The system cannot find the file specified.
File name: 'Microsoft.VisualStudio.TestPlatform.Fakes, Version=17.0.0.0, Culture=neutral, PublicKeyToken=null'
   at System.Reflection.RuntimeAssembly.InternalLoad(AssemblyName assemblyName, StackCrawlMark& stackMark, AssemblyLoadContext assemblyLoadContext, RuntimeAssembly requestingAssembly, Boolean throwOnFileNotFound)
   at System.Reflection.Assembly.Load(AssemblyName assemblyRef)
   at Microsoft.VisualStudio.TestPlatform.Common.Utilities.FakesUtilities.LoadTestPlatformAssembly()
TpTrace Verbose: 0 : 16804, 1, 2023/02/27, 08:22:44.859, 4344605621196, vstest.console.dll, TestPluginCache.DiscoverTestExtensions: finding test extensions in assemblies ends with: TestLogger.dll TPluginInfo: Microsoft.VisualStudio.TestPlatform.Common.ExtensionFramework.Utilities.TestLoggerPluginInformation TExtension: Microsoft.VisualStudio.TestPlatform.ObjectModel.Client.ITestLogger
TpTrace Verbose: 0 : 16804, 1, 2023/02/27, 08:22:44.859, 4344605622464, vstest.console.dll, TestPluginCache.GetExtensionPaths: Filtered extension paths: 
TpTrace Verbose: 0 : 16804, 1, 2023/02/27, 08:22:44.859, 4344605622988, vstest.console.dll, TestPluginCache.GetExtensionPaths: Added default extension paths: C:\Program Files\dotnet\sdk\7.0.100\Extensions\Microsoft.Diagnostics.NETCore.Client.dll
C:\Program Files\dotnet\sdk\7.0.100\Extensions\Microsoft.TestPlatform.Extensions.BlameDataCollector.dll
C:\Program Files\dotnet\sdk\7.0.100\Extensions\Microsoft.TestPlatform.Extensions.EventLogCollector.dll
C:\Program Files\dotnet\sdk\7.0.100\Extensions\Microsoft.TestPlatform.TestHostRuntimeProvider.dll
C:\Program Files\dotnet\sdk\7.0.100\Extensions\Microsoft.VisualStudio.TestPlatform.Extensions.Html.TestLogger.dll
C:\Program Files\dotnet\sdk\7.0.100\Extensions\Microsoft.VisualStudio.TestPlatform.Extensions.Trx.TestLogger.dll
TpTrace Verbose: 0 : 16804, 1, 2023/02/27, 08:22:44.859, 4344605623526, vstest.console.dll, TestPluginCache.GetExtensionPaths: Added unfilterableExtensionPaths: 
TpTrace Information: 0 : 16804, 1, 2023/02/27, 08:22:44.859, 4344605625020, vstest.console.dll, AssemblyResolver.AddSearchDirectories: Adding more searchDirectories C:\Program Files\dotnet\sdk\7.0.100\Extensions,C:\Program Files\dotnet\sdk\7.0.100
TpTrace Verbose: 0 : 16804, 1, 2023/02/27, 08:22:44.859, 4344605625600, vstest.console.dll, TestPluginCache.DiscoverTestExtensions: Discovering the extensions using extension path.
TpTrace Verbose: 0 : 16804, 1, 2023/02/27, 08:22:44.859, 4344605626227, vstest.console.dll, TestPluginCache.GetExtensionPaths: Filtered extension paths: 
TpTrace Verbose: 0 : 16804, 1, 2023/02/27, 08:22:44.859, 4344605626616, vstest.console.dll, TestPluginCache.GetExtensionPaths: Added default extension paths: C:\Program Files\dotnet\sdk\7.0.100\Extensions\Microsoft.Diagnostics.NETCore.Client.dll
C:\Program Files\dotnet\sdk\7.0.100\Extensions\Microsoft.TestPlatform.Extensions.BlameDataCollector.dll
C:\Program Files\dotnet\sdk\7.0.100\Extensions\Microsoft.TestPlatform.Extensions.EventLogCollector.dll
C:\Program Files\dotnet\sdk\7.0.100\Extensions\Microsoft.TestPlatform.TestHostRuntimeProvider.dll
C:\Program Files\dotnet\sdk\7.0.100\Extensions\Microsoft.VisualStudio.TestPlatform.Extensions.Html.TestLogger.dll
C:\Program Files\dotnet\sdk\7.0.100\Extensions\Microsoft.VisualStudio.TestPlatform.Extensions.Trx.TestLogger.dll
TpTrace Verbose: 0 : 16804, 1, 2023/02/27, 08:22:44.859, 4344605627037, vstest.console.dll, TestPluginCache.GetExtensionPaths: Added unfilterableExtensionPaths: 
TpTrace Verbose: 0 : 16804, 1, 2023/02/27, 08:22:44.859, 4344605627473, vstest.console.dll, TestPluginCache.DiscoverTestExtensions: Discovering the extensions using allExtensionPaths: C:\Program Files\dotnet\sdk\7.0.100\Extensions\Microsoft.Diagnostics.NETCore.Client.dll
C:\Program Files\dotnet\sdk\7.0.100\Extensions\Microsoft.TestPlatform.Extensions.BlameDataCollector.dll
C:\Program Files\dotnet\sdk\7.0.100\Extensions\Microsoft.TestPlatform.Extensions.EventLogCollector.dll
C:\Program Files\dotnet\sdk\7.0.100\Extensions\Microsoft.TestPlatform.TestHostRuntimeProvider.dll
C:\Program Files\dotnet\sdk\7.0.100\Extensions\Microsoft.VisualStudio.TestPlatform.Extensions.Html.TestLogger.dll
C:\Program Files\dotnet\sdk\7.0.100\Extensions\Microsoft.VisualStudio.TestPlatform.Extensions.Trx.TestLogger.dll
TpTrace Information: 0 : 16804, 1, 2023/02/27, 08:22:44.859, 4344605628634, vstest.console.dll, AssemblyResolver.AddSearchDirectories: Adding more searchDirectories C:\Program Files\dotnet\sdk\7.0.100\Extensions,C:\Program Files\dotnet\sdk\7.0.100
TpTrace Information: 0 : 16804, 1, 2023/02/27, 08:22:44.859, 4344605629166, vstest.console.dll, AssemblyResolver.AddSearchDirectories: Adding more searchDirectories C:\Program Files\dotnet\sdk\7.0.100\Extensions,C:\Program Files\dotnet\sdk\7.0.100
TpTrace Information: 0 : 16804, 1, 2023/02/27, 08:22:44.859, 4344605629560, vstest.console.dll, AssemblyResolver.AddSearchDirectories: Adding more searchDirectories C:\Program Files\dotnet\sdk\7.0.100\Extensions,C:\Program Files\dotnet\sdk\7.0.100
TpTrace Information: 0 : 16804, 1, 2023/02/27, 08:22:44.859, 4344605629932, vstest.console.dll, AssemblyResolver.AddSearchDirectories: Adding more searchDirectories C:\Program Files\dotnet\sdk\7.0.100\Extensions,C:\Program Files\dotnet\sdk\7.0.100
TpTrace Information: 0 : 16804, 1, 2023/02/27, 08:22:44.859, 4344605630364, vstest.console.dll, AssemblyResolver.AddSearchDirectories: Adding more searchDirectories C:\Program Files\dotnet\sdk\7.0.100\Extensions,C:\Program Files\dotnet\sdk\7.0.100
TpTrace Information: 0 : 16804, 1, 2023/02/27, 08:22:44.860, 4344605630738, vstest.console.dll, AssemblyResolver.AddSearchDirectories: Adding more searchDirectories C:\Program Files\dotnet\sdk\7.0.100\Extensions,C:\Program Files\dotnet\sdk\7.0.100
TpTrace Verbose: 0 : 16804, 1, 2023/02/27, 08:22:44.860, 4344605631988, vstest.console.dll, MetadataReaderExtensionsHelper: Discovering extensions inside assembly 'Microsoft.Diagnostics.NETCore.Client, Version=0.2.6.42401, Culture=neutral, PublicKeyToken=31bf3856ad364e35' file path 'C:\Program Files\dotnet\sdk\7.0.100\Extensions\Microsoft.Diagnostics.NETCore.Client.dll'
TpTrace Information: 0 : 16804, 1, 2023/02/27, 08:22:44.860, 4344605639493, vstest.console.dll, AssemblyResolver.OnResolve: Microsoft.Bcl.AsyncInterfaces: Resolving assembly.
TpTrace Information: 0 : 16804, 1, 2023/02/27, 08:22:44.860, 4344605640183, vstest.console.dll, AssemblyResolver.OnResolve: Microsoft.Bcl.AsyncInterfaces: Resolved from cache.
TpTrace Verbose: 0 : 16804, 1, 2023/02/27, 08:22:44.861, 4344605640575, vstest.console.dll, CurrentDomainAssemblyResolve: Resolving assembly 'Microsoft.Bcl.AsyncInterfaces'.
TpTrace Information: 0 : 16804, 1, 2023/02/27, 08:22:44.861, 4344605641123, vstest.console.dll, AssemblyResolver.OnResolve: Microsoft.Bcl.AsyncInterfaces: Resolving assembly.
TpTrace Information: 0 : 16804, 1, 2023/02/27, 08:22:44.861, 4344605641626, vstest.console.dll, AssemblyResolver.OnResolve: Microsoft.Bcl.AsyncInterfaces: Resolved from cache.
TpTrace Verbose: 0 : 16804, 1, 2023/02/27, 08:22:44.861, 4344605641986, vstest.console.dll, CurrentDomainAssemblyResolve: Resolving assembly 'Microsoft.Bcl.AsyncInterfaces'.
TpTrace Verbose: 0 : 16804, 1, 2023/02/27, 08:22:44.861, 4344605642322, vstest.console.dll, CurrentDomainAssemblyResolve: Failed to resolve assembly 'Microsoft.Bcl.AsyncInterfaces'.
TpTrace Verbose: 0 : 16804, 1, 2023/02/27, 08:22:44.861, 4344605643914, vstest.console.dll, CurrentDomainAssemblyResolve: Failed to resolve assembly 'Microsoft.Bcl.AsyncInterfaces'.
TpTrace Warning: 0 : 16804, 1, 2023/02/27, 08:22:44.861, 4344605647567, vstest.console.dll, TestPluginDiscoverer: Failed to get types from assembly 'Microsoft.Diagnostics.NETCore.Client, Version=0.2.6.42401, Culture=neutral, PublicKeyToken=31bf3856ad364e35'. Error: System.Reflection.ReflectionTypeLoadException: Unable to load one or more of the requested types.
Could not load file or assembly 'Microsoft.Bcl.AsyncInterfaces, Version=1.0.0.0, Culture=neutral, PublicKeyToken=cc7b13ffcd2ddd51'. The system cannot find the file specified.
   at System.Reflection.RuntimeModule.GetTypes(RuntimeModule module)
   at System.Reflection.Assembly.GetTypes()
   at Microsoft.VisualStudio.TestPlatform.Common.ExtensionFramework.TestPluginDiscoverer.GetTestExtensionsFromAssembly[TPluginInfo,TExtension](Assembly assembly, Dictionary`2 pluginInfos, String filePath)
System.IO.FileNotFoundException: Could not load file or assembly 'Microsoft.Bcl.AsyncInterfaces, Version=1.0.0.0, Culture=neutral, PublicKeyToken=cc7b13ffcd2ddd51'. The system cannot find the file specified.
File name: 'Microsoft.Bcl.AsyncInterfaces, Version=1.0.0.0, Culture=neutral, PublicKeyToken=cc7b13ffcd2ddd51'
 ---> System.IO.FileNotFoundException: Could not load file or assembly 'Microsoft.Bcl.AsyncInterfaces, Culture=neutral, PublicKeyToken=null'. The system cannot find the file specified.
File name: 'Microsoft.Bcl.AsyncInterfaces, Culture=neutral, PublicKeyToken=null'
   at System.Reflection.RuntimeAssembly.InternalLoad(AssemblyName assemblyName, StackCrawlMark& stackMark, AssemblyLoadContext assemblyLoadContext, RuntimeAssembly requestingAssembly, Boolean throwOnFileNotFound)
   at System.Reflection.Assembly.Load(AssemblyName assemblyRef)
   at Microsoft.VisualStudio.TestPlatform.Common.ExtensionFramework.TestPluginCache.CurrentDomainAssemblyResolve(Object sender, AssemblyResolveEventArgs args)
   at System.Runtime.Loader.AssemblyLoadContext.GetFirstResolvedAssemblyFromResolvingEvent(AssemblyName assemblyName)
   at System.Runtime.Loader.AssemblyLoadContext.ResolveUsingEvent(AssemblyName assemblyName)
   at System.Runtime.Loader.AssemblyLoadContext.ResolveUsingResolvingEvent(IntPtr gchManagedAssemblyLoadContext, AssemblyName assemblyName)
TpTrace Warning: 0 : 16804, 1, 2023/02/27, 08:22:44.861, 4344605649358, vstest.console.dll, LoaderExceptions: System.IO.FileNotFoundException: Could not load file or assembly 'Microsoft.Bcl.AsyncInterfaces, Version=1.0.0.0, Culture=neutral, PublicKeyToken=cc7b13ffcd2ddd51'. The system cannot find the file specified.
File name: 'Microsoft.Bcl.AsyncInterfaces, Version=1.0.0.0, Culture=neutral, PublicKeyToken=cc7b13ffcd2ddd51'
 ---> System.IO.FileNotFoundException: Could not load file or assembly 'Microsoft.Bcl.AsyncInterfaces, Culture=neutral, PublicKeyToken=null'. The system cannot find the file specified.
File name: 'Microsoft.Bcl.AsyncInterfaces, Culture=neutral, PublicKeyToken=null'
   at System.Reflection.RuntimeAssembly.InternalLoad(AssemblyName assemblyName, StackCrawlMark& stackMark, AssemblyLoadContext assemblyLoadContext, RuntimeAssembly requestingAssembly, Boolean throwOnFileNotFound)
   at System.Reflection.Assembly.Load(AssemblyName assemblyRef)
   at Microsoft.VisualStudio.TestPlatform.Common.ExtensionFramework.TestPluginCache.CurrentDomainAssemblyResolve(Object sender, AssemblyResolveEventArgs args)
   at System.Runtime.Loader.AssemblyLoadContext.GetFirstResolvedAssemblyFromResolvingEvent(AssemblyName assemblyName)
   at System.Runtime.Loader.AssemblyLoadContext.ResolveUsingEvent(AssemblyName assemblyName)
   at System.Runtime.Loader.AssemblyLoadContext.ResolveUsingResolvingEvent(IntPtr gchManagedAssemblyLoadContext, AssemblyName assemblyName)
TpTrace Verbose: 0 : 16804, 1, 2023/02/27, 08:22:44.862, 4344605650482, vstest.console.dll, MetadataReaderExtensionsHelper: Discovering extensions inside assembly 'Microsoft.TestPlatform.Extensions.BlameDataCollector, Version=15.0.0.0, Culture=neutral, PublicKeyToken=b03f5f7f11d50a3a' file path 'C:\Program Files\dotnet\sdk\7.0.100\Extensions\Microsoft.TestPlatform.Extensions.BlameDataCollector.dll'
TpTrace Information: 0 : 16804, 1, 2023/02/27, 08:22:44.862, 4344605654892, vstest.console.dll, GetTestExtensionFromType: Register extension with identifier data 'logger://Microsoft/TestPlatform/Extensions/Blame/v1' and type 'Microsoft.TestPlatform.Extensions.BlameDataCollector.BlameLogger, Microsoft.TestPlatform.Extensions.BlameDataCollector, Version=15.0.0.0, Culture=neutral, PublicKeyToken=b03f5f7f11d50a3a' inside file 'C:\Program Files\dotnet\sdk\7.0.100\Extensions\Microsoft.TestPlatform.Extensions.BlameDataCollector.dll'
TpTrace Verbose: 0 : 16804, 1, 2023/02/27, 08:22:44.862, 4344605655681, vstest.console.dll, MetadataReaderExtensionsHelper: Discovering extensions inside assembly 'Microsoft.TestPlatform.Extensions.EventLogCollector, Version=15.0.0.0, Culture=neutral, PublicKeyToken=b03f5f7f11d50a3a' file path 'C:\Program Files\dotnet\sdk\7.0.100\Extensions\Microsoft.TestPlatform.Extensions.EventLogCollector.dll'
TpTrace Verbose: 0 : 16804, 1, 2023/02/27, 08:22:44.862, 4344605658819, vstest.console.dll, MetadataReaderExtensionsHelper: Discovering extensions inside assembly 'Microsoft.TestPlatform.TestHostRuntimeProvider, Version=15.0.0.0, Culture=neutral, PublicKeyToken=b03f5f7f11d50a3a' file path 'C:\Program Files\dotnet\sdk\7.0.100\Extensions\Microsoft.TestPlatform.TestHostRuntimeProvider.dll'
TpTrace Verbose: 0 : 16804, 1, 2023/02/27, 08:22:44.863, 4344605662005, vstest.console.dll, MetadataReaderExtensionsHelper: Discovering extensions inside assembly 'Microsoft.VisualStudio.TestPlatform.Extensions.Html.TestLogger, Version=15.0.0.0, Culture=neutral, PublicKeyToken=b03f5f7f11d50a3a' file path 'C:\Program Files\dotnet\sdk\7.0.100\Extensions\Microsoft.VisualStudio.TestPlatform.Extensions.Html.TestLogger.dll'
TpTrace Information: 0 : 16804, 1, 2023/02/27, 08:22:44.863, 4344605667367, vstest.console.dll, GetTestExtensionFromType: Register extension with identifier data 'logger://Microsoft/TestPlatform/HtmlLogger/v1' and type 'Microsoft.VisualStudio.TestPlatform.Extensions.HtmlLogger.HtmlLogger, Microsoft.VisualStudio.TestPlatform.Extensions.Html.TestLogger, Version=15.0.0.0, Culture=neutral, PublicKeyToken=b03f5f7f11d50a3a' inside file 'C:\Program Files\dotnet\sdk\7.0.100\Extensions\Microsoft.VisualStudio.TestPlatform.Extensions.Html.TestLogger.dll'
TpTrace Verbose: 0 : 16804, 1, 2023/02/27, 08:22:44.863, 4344605668160, vstest.console.dll, MetadataReaderExtensionsHelper: Discovering extensions inside assembly 'Microsoft.VisualStudio.TestPlatform.Extensions.Trx.TestLogger, Version=15.0.0.0, Culture=neutral, PublicKeyToken=b03f5f7f11d50a3a' file path 'C:\Program Files\dotnet\sdk\7.0.100\Extensions\Microsoft.VisualStudio.TestPlatform.Extensions.Trx.TestLogger.dll'
TpTrace Information: 0 : 16804, 1, 2023/02/27, 08:22:44.864, 4344605672091, vstest.console.dll, GetTestExtensionFromType: Register extension with identifier data 'logger://Microsoft/TestPlatform/TrxLogger/v1' and type 'Microsoft.VisualStudio.TestPlatform.Extensions.TrxLogger.TrxLogger, Microsoft.VisualStudio.TestPlatform.Extensions.Trx.TestLogger, Version=15.0.0.0, Culture=neutral, PublicKeyToken=b03f5f7f11d50a3a' inside file 'C:\Program Files\dotnet\sdk\7.0.100\Extensions\Microsoft.VisualStudio.TestPlatform.Extensions.Trx.TestLogger.dll'
TpTrace Verbose: 0 : 16804, 1, 2023/02/27, 08:22:44.864, 4344605673108, vstest.console.dll, TestPluginCache: Discovered the extensions using extension path ''.
TpTrace Verbose: 0 : 16804, 1, 2023/02/27, 08:22:44.864, 4344605673676, vstest.console.dll, TestPluginCache: Discoverers are ''.
TpTrace Verbose: 0 : 16804, 1, 2023/02/27, 08:22:44.864, 4344605674025, vstest.console.dll, TestPluginCache: Executors are ''.
TpTrace Verbose: 0 : 16804, 1, 2023/02/27, 08:22:44.864, 4344605674346, vstest.console.dll, TestPluginCache: Executors2 are ''.
TpTrace Verbose: 0 : 16804, 1, 2023/02/27, 08:22:44.864, 4344605674658, vstest.console.dll, TestPluginCache: Setting providers are ''.
TpTrace Verbose: 0 : 16804, 1, 2023/02/27, 08:22:44.864, 4344605675381, vstest.console.dll, TestPluginCache: Loggers are 'logger://Microsoft/TestPlatform/Extensions/Blame/v1,logger://Microsoft/TestPlatform/HtmlLogger/v1,logger://Microsoft/TestPlatform/TrxLogger/v1'.
TpTrace Verbose: 0 : 16804, 1, 2023/02/27, 08:22:44.864, 4344605675974, vstest.console.dll, TestPluginCache: TestHosts are 'HostProvider://DefaultTestHost,HostProvider://DotnetTestHost'.
TpTrace Verbose: 0 : 16804, 1, 2023/02/27, 08:22:44.864, 4344605676664, vstest.console.dll, TestPluginCache: DataCollectors are ''.
TpTrace Information: 0 : 16804, 1, 2023/02/27, 08:22:44.865, 4344605688888, vstest.console.dll, TestPluginManager.CreateTestExtension: Attempting to load test extension: Microsoft.TestPlatform.Extensions.BlameDataCollector.BlameLogger
TpTrace Verbose: 0 : 16804, 1, 2023/02/27, 08:22:44.876, 4344605798609, vstest.console.dll, TestEngine: Initializing Parallel Execution as MaxCpuCount is set to: 1
TpTrace Information: 0 : 16804, 1, 2023/02/27, 08:22:44.879, 4344605820615, vstest.console.dll, TestPluginManager.CreateTestExtension: Attempting to load test extension: Microsoft.VisualStudio.TestPlatform.CrossPlatEngine.Hosting.DefaultTestHostManager
TpTrace Information: 0 : 16804, 1, 2023/02/27, 08:22:44.880, 4344605836604, vstest.console.dll, TestPluginManager.CreateTestExtension: Attempting to load test extension: Microsoft.VisualStudio.TestPlatform.CrossPlatEngine.Hosting.DotnetTestHostManager
TpTrace Information: 0 : 16804, 1, 2023/02/27, 08:22:44.881, 4344605848118, vstest.console.dll, InferRunSettingsHelper.IsTestSettingsEnabled: Unable to navigate to RunSettings/MSTest. Current node: RunSettings
TpTrace Verbose: 0 : 16804, 1, 2023/02/27, 08:22:44.887, 4344605904144, vstest.console.dll, TestEngine.GetExecutionManager: Chosen execution manager 'Microsoft.VisualStudio.TestPlatform.CrossPlatEngine.Client.Parallel.ParallelProxyExecutionManager, Microsoft.TestPlatform.CrossPlatEngine, Version=15.0.0.0, Culture=neutral, PublicKeyToken=b03f5f7f11d50a3a' ParallelLevel '1'.
TpTrace Verbose: 0 : 16804, 1, 2023/02/27, 08:22:44.887, 4344605906237, vstest.console.dll, TestRunRequest.ExecuteAsync: Creating test run request.
TpTrace Verbose: 0 : 16804, 1, 2023/02/27, 08:22:44.887, 4344605908966, vstest.console.dll, TestRunRequest.ExecuteAsync: Starting.
TpTrace Information: 0 : 16804, 1, 2023/02/27, 08:22:44.888, 4344605912395, vstest.console.dll, TestRunRequest.ExecuteAsync: Starting run with settings:TestRunCriteria:
   KeepAlive=False,FrequencyOfRunStatsChangeEvent=10,RunStatsChangeEventTimeout=00:00:01.5000000,TestCaseFilter=,TestExecutorLauncher=
   Settingsxml=<RunSettings>
  <RunConfiguration>
    <ResultsDirectory>C:\Users\CarlosGamboa\Development\training\back-end\csharp\CareerLead.Domain\CareerLead.Domain.Test\bin\Debug\net7.0\fine-code-coverage\coverage-tool-output</ResultsDirectory>
    <TargetPlatform>X64</TargetPlatform>
    <TargetFrameworkVersion>.NETCoreApp,Version=v7.0</TargetFrameworkVersion>
    <DesignMode>False</DesignMode>
    <CollectSourceInformation>False</CollectSourceInformation>
  </RunConfiguration>
  <LoggerRunSettings>
    <Loggers>
      <Logger friendlyName="blame" enabled="True" />
      <Logger friendlyName="Console" uri="logger://microsoft/TestPlatform/ConsoleLogger/v1" assemblyQualifiedName="Microsoft.VisualStudio.TestPlatform.CommandLine.Internal.ConsoleLogger, vstest.console, Version=15.0.0.0, Culture=neutral, PublicKeyToken=b03f5f7f11d50a3a" codeBase="C:\Program Files\dotnet\sdk\7.0.100\vstest.console.dll" enabled="True" />
    </Loggers>
  </LoggerRunSettings>
  <DataCollectionRunSettings>
    <DataCollectors>
      <DataCollector friendlyName="blame" enabled="True">
        <Configuration>
          <ResultsDirectory>C:\Users\CarlosGamboa\Development\training\back-end\csharp\CareerLead.Domain\CareerLead.Domain.Test\bin\Debug\net7.0\fine-code-coverage\coverage-tool-output</ResultsDirectory>
        </Configuration>
      </DataCollector>
    </DataCollectors>
  </DataCollectionRunSettings>
</RunSettings>

TpTrace Verbose: 0 : 16804, 1, 2023/02/27, 08:22:44.888, 4344605913125, vstest.console.dll, TestRunRequest.ExecuteAsync: Wait for the first run request is over.
TpTrace Verbose: 0 : 16804, 1, 2023/02/27, 08:22:44.888, 4344605916710, vstest.console.dll, MulticastDelegateUtilities.SafeInvoke: TestRun.TestRunStart: Invoking callbacks was skipped because there are no subscribers.
TpTrace Verbose: 0 : 16804, 4, 2023/02/27, 08:22:44.888, 4344605919370, vstest.console.dll, MulticastDelegateUtilities.SafeInvoke: InternalTestLoggerEvents.SendTestRunStart: Invoking callback 1/1 for Microsoft.VisualStudio.TestPlatform.CommandLine.Internal.ConsoleLogger., took 0 ms.
TpTrace Verbose: 0 : 16804, 1, 2023/02/27, 08:22:44.890, 4344605930478, vstest.console.dll, ParallelProxyExecutionManager: Start execution. Total sources: 1
TpTrace Verbose: 0 : 16804, 1, 2023/02/27, 08:22:44.891, 4344605949573, vstest.console.dll, TestRequestSender is acting as server.
TpTrace Verbose: 0 : 16804, 1, 2023/02/27, 08:22:44.893, 4344605965202, vstest.console.dll, DataCollectionRequestSender.InitializeCommunication : Initialize communication. 
TpTrace Information: 0 : 16804, 1, 2023/02/27, 08:22:44.901, 4344606048378, vstest.console.dll, Listening on Endpoint : 127.0.0.1:53385
TpTrace Verbose: 0 : 16804, 1, 2023/02/27, 08:22:44.910, 4344606133234, vstest.console.dll, DotnetDataCollectionLauncher: Adding  --runtimeconfig "C:\Program Files\dotnet\sdk\7.0.100\datacollector.runtimeconfig.json" in args
TpTrace Verbose: 0 : 16804, 1, 2023/02/27, 08:22:44.910, 4344606137315, vstest.console.dll, DotnetDataCollectionLauncher: Adding  --depsfile "C:\Program Files\dotnet\sdk\7.0.100\datacollector.deps.json" in args
TpTrace Verbose: 0 : 16804, 1, 2023/02/27, 08:22:44.911, 4344606141263, vstest.console.dll, DotnetDataCollectionLauncher: Full path of dotnet.exe is C:\Program Files\dotnet\dotnet.exe
TpTrace Information: 0 : 16804, 1, 2023/02/27, 08:22:44.925, 4344606281614, vstest.console.dll, ProxyDataCollectionManager.Initialize: Launched datacollector processId: 24336 port: 53385
TpTrace Information: 0 : 16804, 1, 2023/02/27, 08:22:44.925, 4344606284353, vstest.console.dll, ProxyDataCollectionManager.Initialize: waiting for connection with timeout: 90 seconds
TpTrace Verbose: 0 : 16804, 1, 2023/02/27, 08:22:44.925, 4344606285456, vstest.console.dll, DataCollectionRequestSender.WaitForRequestHandlerConnection : Waiting for connection with timeout: 90000
TpTrace Information: 0 : 16804, 7, 2023/02/27, 08:22:45.378, 4344610818397, vstest.console.dll, Using the buffer size of 16384 bytes
TpTrace Verbose: 0 : 16804, 1, 2023/02/27, 08:22:45.378, 4344610818398, vstest.console.dll, SocketCommunicationManager.WaitForClientConnection took: 453 ms, with 90000 ms timeout, and finished with True.
TpTrace Information: 0 : 16804, 7, 2023/02/27, 08:22:45.379, 4344610820869, vstest.console.dll, Accepted Client request and set the flag
TpTrace Verbose: 0 : 16804, 1, 2023/02/27, 08:22:45.379, 4344610822669, vstest.console.dll, ProxyDataCollectionManager.InvokeDataCollectionServiceAction: Starting.
TpTrace Information: 0 : 16804, 1, 2023/02/27, 08:22:45.379, 4344610824170, vstest.console.dll, ProxyDataCollectionManager.BeforeTestRunStart: Get environment variable and port for datacollector processId: 24336 port: 53385
TpTrace Verbose: 0 : 16804, 1, 2023/02/27, 08:22:45.379, 4344610827045, vstest.console.dll, DataCollectionRequestSender.SendBeforeTestRunStartAndGetResult: Send BeforeTestRunStart message with settingsXml <RunSettings><RunConfiguration><ResultsDirectory>C:\Users\CarlosGamboa\Development\training\back-end\csharp\CareerLead.Domain\CareerLead.Domain.Test\bin\Debug\net7.0\fine-code-coverage\coverage-tool-output</ResultsDirectory><TargetPlatform>X64</TargetPlatform><TargetFrameworkVersion>.NETCoreApp,Version=v7.0</TargetFrameworkVersion><DesignMode>False</DesignMode><CollectSourceInformation>False</CollectSourceInformation><TestAdaptersPaths>C:\Program Files\dotnet\sdk\7.0.100\Extensions</TestAdaptersPaths></RunConfiguration><LoggerRunSettings><Loggers><Logger friendlyName="blame" enabled="True" /><Logger friendlyName="Console" uri="logger://microsoft/TestPlatform/ConsoleLogger/v1" assemblyQualifiedName="Microsoft.VisualStudio.TestPlatform.CommandLine.Internal.ConsoleLogger, vstest.console, Version=15.0.0.0, Culture=neutral, PublicKeyToken=b03f5f7f11d50a3a" codeBase="C:\Program Files\dotnet\sdk\7.0.100\vstest.console.dll" enabled="True" /></Loggers></LoggerRunSettings><DataCollectionRunSettings><DataCollectors><DataCollector friendlyName="blame" enabled="True"><Configuration><ResultsDirectory>C:\Users\CarlosGamboa\Development\training\back-end\csharp\CareerLead.Domain\CareerLead.Domain.Test\bin\Debug\net7.0\fine-code-coverage\coverage-tool-output</ResultsDirectory></Configuration></DataCollector></DataCollectors></DataCollectionRunSettings></RunSettings> and sources System.Collections.Generic.List`1[System.String]: 
TpTrace Verbose: 0 : 16804, 1, 2023/02/27, 08:22:45.602, 4344613052894, vstest.console.dll, DataCollectionRequestSender.SendBeforeTestRunStartAndGetResult: Received message: (DataCollection.SendMessage) -> {"MessageType":"DataCollection.SendMessage","Payload":{"FriendlyName":null,"Uri":null,"TestCaseId":"00000000-0000-0000-0000-000000000000","Message":"Logging DataCollector Diagnostics in file: C:\\Users\\CarlosGamboa\\Development\\training\\back-end\\csharp\\CareerLead.Domain\\CareerLead.Domain.Test\\bin\\Debug\\net7.0\\fine-code-coverage\\coverage-tool-output\\diagnostics.datacollector.23-02-27_08-22-44_90989_1.log","Level":0}}
TpTrace Verbose: 0 : 16804, 1, 2023/02/27, 08:22:45.761, 4344614649601, vstest.console.dll, DataCollectionRequestSender.SendBeforeTestRunStartAndGetResult: Received message: (DataCollection.BeforeTestRunStartResult) -> {"MessageType":"DataCollection.BeforeTestRunStartResult","Payload":{"EnvironmentVariables":{},"DataCollectionEventsPort":53387}}
TpTrace Information: 0 : 16804, 1, 2023/02/27, 08:22:45.769, 4344614728047, vstest.console.dll, ProxyDataCollectionManager.BeforeTestRunStart: SendBeforeTestRunStartAndGetResult successful, env variable from datacollector:   and testhost port: 53387
TpTrace Information: 0 : 16804, 1, 2023/02/27, 08:22:45.769, 4344614729686, vstest.console.dll, ProxyDataCollectionManager.InvokeDataCollectionServiceAction: Completed.
TpTrace Verbose: 0 : 16804, 1, 2023/02/27, 08:22:45.770, 4344614732761, vstest.console.dll, ProxyParallelExecutionManager: No sources available for execution.
TpTrace Information: 0 : 16804, 1, 2023/02/27, 08:22:45.770, 4344614734061, vstest.console.dll, TestRunRequest.ExecuteAsync: Started.
TpTrace Verbose: 0 : 16804, 1, 2023/02/27, 08:22:45.770, 4344614735938, vstest.console.dll, TestRunRequest.WaitForCompletion: Waiting with timeout -1.
TpTrace Verbose: 0 : 16804, 7, 2023/02/27, 08:22:45.770, 4344614737432, vstest.console.dll, ParallelProxyExecutionManager: Execution started. Started clients: 1
TpTrace Verbose: 0 : 16804, 7, 2023/02/27, 08:22:45.771, 4344614742678, vstest.console.dll, TestRunRequest:SendTestRunMessage: Starting.
TpTrace Verbose: 0 : 16804, 4, 2023/02/27, 08:22:45.771, 4344614745881, vstest.console.dll, MulticastDelegateUtilities.SafeInvoke: InternalTestLoggerEvents.SendTestRunMessage: Invoking callback 1/1 for Microsoft.VisualStudio.TestPlatform.CommandLine.Internal.ConsoleLogger., took 0 ms.
TpTrace Verbose: 0 : 16804, 7, 2023/02/27, 08:22:45.771, 4344614748584, vstest.console.dll, MulticastDelegateUtilities.SafeInvoke: TestRun.LogMessages: Invoking callback 1/1 for Microsoft.VisualStudio.TestPlatform.CommandLine.TestRunResultAggregator., took 0 ms.
TpTrace Information: 0 : 16804, 7, 2023/02/27, 08:22:45.771, 4344614749855, vstest.console.dll, TestRunRequest:SendTestRunMessage: Completed.
TpTrace Verbose: 0 : 16804, 7, 2023/02/27, 08:22:45.772, 4344614753822, vstest.console.dll, ProxyExecutionManager: Test host is always Lazy initialize.
TpTrace Verbose: 0 : 16804, 7, 2023/02/27, 08:22:45.772, 4344614758367, vstest.console.dll, TestRequestSender.InitializeCommunication: initialize communication. 
TpTrace Information: 0 : 16804, 7, 2023/02/27, 08:22:45.773, 4344614768130, vstest.console.dll, SocketServer.Start: Listening on endpoint : 127.0.0.1:53388
TpTrace Verbose: 0 : 16804, 7, 2023/02/27, 08:22:45.774, 4344614778706, vstest.console.dll, DotnetTestHostmanager.GetTestHostProcessStartInfo: Platform environment 'X64' target architecture 'X64' framework '.NETCoreApp,Version=v7.0' OS 'Windows'
TpTrace Verbose: 0 : 16804, 7, 2023/02/27, 08:22:45.775, 4344614782762, vstest.console.dll, DotnetTestHostmanager: Adding  --runtimeconfig "C:\Users\CarlosGamboa\Development\training\back-end\csharp\CareerLead.Domain\CareerLead.Domain.Test\bin\Debug\net7.0\fine-code-coverage\build-output\CareerLead.Domain.Test.runtimeconfig.json" in args
TpTrace Verbose: 0 : 16804, 7, 2023/02/27, 08:22:45.775, 4344614785059, vstest.console.dll, DotnetTestHostmanager: Adding  --depsfile "C:\Users\CarlosGamboa\Development\training\back-end\csharp\CareerLead.Domain\CareerLead.Domain.Test\bin\Debug\net7.0\fine-code-coverage\build-output\CareerLead.Domain.Test.deps.json" in args
TpTrace Verbose: 0 : 16804, 7, 2023/02/27, 08:22:45.775, 4344614787773, vstest.console.dll, DotnetTestHostmanager.IsWinOnArm: Current PROCESSOR_ARCHITECTURE from environment variable 'AMD64'
TpTrace Verbose: 0 : 16804, 7, 2023/02/27, 08:22:45.775, 4344614788686, vstest.console.dll, DotnetTestHostmanager.IsWinOnArm: Is Windows on ARM 'False'
TpTrace Verbose: 0 : 16804, 7, 2023/02/27, 08:22:45.775, 4344614790149, vstest.console.dll, DotnetTestHostManager: testhost.exe found at path: C:\Users\CarlosGamboa\Development\training\back-end\csharp\CareerLead.Domain\CareerLead.Domain.Test\bin\Debug\net7.0\fine-code-coverage\build-output\testhost.exe
TpTrace Verbose: 0 : 16804, 7, 2023/02/27, 08:22:45.776, 4344614790905, vstest.console.dll, DotnetTestHostmanager: Full path of host exe is C:\Users\CarlosGamboa\Development\training\back-end\csharp\CareerLead.Domain\CareerLead.Domain.Test\bin\Debug\net7.0\fine-code-coverage\build-output\testhost.exe
TpTrace Verbose: 0 : 16804, 7, 2023/02/27, 08:22:45.776, 4344614792683, vstest.console.dll, DotnetTestHostmanager.LaunchTestHostAsync: Found 'VSTEST_WINAPPHOST_DOTNET_ROOT' in env variables, value 'C:\Program Files\dotnet', forwarding to 'DOTNET_ROOT'
TpTrace Verbose: 0 : 16804, 7, 2023/02/27, 08:22:45.776, 4344614795027, vstest.console.dll, DotnetTestHostManager: Starting process 'C:\Users\CarlosGamboa\Development\training\back-end\csharp\CareerLead.Domain\CareerLead.Domain.Test\bin\Debug\net7.0\fine-code-coverage\build-output\testhost.exe' with command line ' --runtimeconfig "C:\Users\CarlosGamboa\Development\training\back-end\csharp\CareerLead.Domain\CareerLead.Domain.Test\bin\Debug\net7.0\fine-code-coverage\build-output\CareerLead.Domain.Test.runtimeconfig.json" --depsfile "C:\Users\CarlosGamboa\Development\training\back-end\csharp\CareerLead.Domain\CareerLead.Domain.Test\bin\Debug\net7.0\fine-code-coverage\build-output\CareerLead.Domain.Test.deps.json" --port 53388 --endpoint 127.0.0.1:053388 --role client --parentprocessid 16804 --diag "C:\Users\CarlosGamboa\Development\training\back-end\csharp\CareerLead.Domain\CareerLead.Domain.Test\bin\Debug\net7.0\fine-code-coverage\coverage-tool-output\diagnostics.host.23-02-27_08-22-45_77432_7.log" --tracelevel 4 --datacollectionport 53387 --telemetryoptedin false'
TpTrace Verbose: 0 : 16804, 7, 2023/02/27, 08:22:45.790, 4344614932762, vstest.console.dll, MulticastDelegateUtilities.SafeInvoke: HostProviderEvents.OnHostLaunched: Invoking callback 1/2 for Microsoft.VisualStudio.TestPlatform.CrossPlatEngine.Client.ProxyExecutionManagerWithDataCollection., took 2 ms.
TpTrace Verbose: 0 : 16804, 7, 2023/02/27, 08:22:45.790, 4344614936967, vstest.console.dll, Test Runtime launched
TpTrace Verbose: 0 : 16804, 7, 2023/02/27, 08:22:45.790, 4344614938166, vstest.console.dll, MulticastDelegateUtilities.SafeInvoke: HostProviderEvents.OnHostLaunched: Invoking callback 2/2 for Microsoft.VisualStudio.TestPlatform.CrossPlatEngine.Client.ProxyOperationManager., took 0 ms.
TpTrace Verbose: 0 : 16804, 7, 2023/02/27, 08:22:45.791, 4344614940663, vstest.console.dll, TestRequestSender.WaitForRequestHandlerConnection: waiting for connection with timeout: 90000.
TpTrace Verbose: 0 : 16804, 7, 2023/02/27, 08:22:46.320, 4344620237215, vstest.console.dll, TestRequestSender.WaitForRequestHandlerConnection: waiting took 529 ms, with timeout 90000 ms, and result 0, which is success.
TpTrace Verbose: 0 : 16804, 10, 2023/02/27, 08:22:46.320, 4344620237215, vstest.console.dll, MulticastDelegateUtilities.SafeInvoke: SocketServer: ClientConnected: Invoking callback 1/1 for Microsoft.VisualStudio.TestPlatform.CommunicationUtilities.TestRequestSender., took 0 ms.
TpTrace Verbose: 0 : 16804, 10, 2023/02/27, 08:22:46.320, 4344620240113, vstest.console.dll, SocketServer.OnClientConnected: Client connected for endPoint: 127.0.0.1:53388, starting MessageLoopAsync:
TpTrace Verbose: 0 : 16804, 10, 2023/02/27, 08:22:46.321, 4344620244041, vstest.console.dll, TcpClientExtensions.MessageLoopAsync: Polling on remoteEndPoint: 127.0.0.1:53389 localEndPoint: 127.0.0.1:53388
TpTrace Verbose: 0 : 16804, 7, 2023/02/27, 08:22:46.322, 4344620255952, vstest.console.dll, TestRequestSender.CheckVersionWithTestHost: Sending check version message: {"MessageType":"ProtocolVersion","Payload":7}
TpTrace Verbose: 0 : 16804, 10, 2023/02/27, 08:22:46.565, 4344622681590, vstest.console.dll, TcpClientExtensions.MessageLoopAsync: NotifyDataAvailable remoteEndPoint: 127.0.0.1:53389 localEndPoint: 127.0.0.1:53388
TpTrace Verbose: 0 : 16804, 10, 2023/02/27, 08:22:46.565, 4344622685066, vstest.console.dll, TestRequestSender.CheckVersionWithTestHost: onMessageReceived received message: (ProtocolVersion) -> {"MessageType":"ProtocolVersion","Payload":7}
TpTrace Verbose: 0 : 16804, 10, 2023/02/27, 08:22:46.566, 4344622697378, vstest.console.dll, MulticastDelegateUtilities.SafeInvoke: LengthPrefixCommunicationChannel: MessageReceived: Invoking callback 1/1 for Microsoft.VisualStudio.TestPlatform.CommunicationUtilities.TestRequestSender+<>c__DisplayClass26_0., took 1 ms.
TpTrace Verbose: 0 : 16804, 7, 2023/02/27, 08:22:46.566, 4344622698562, vstest.console.dll, TestPluginCache.GetExtensionPaths: Filtered extension paths: 
TpTrace Verbose: 0 : 16804, 10, 2023/02/27, 08:22:46.566, 4344622699163, vstest.console.dll, TcpClientExtensions.MessageLoopAsync: Polling on remoteEndPoint: 127.0.0.1:53389 localEndPoint: 127.0.0.1:53388
TpTrace Verbose: 0 : 16804, 7, 2023/02/27, 08:22:46.567, 4344622700476, vstest.console.dll, TestPluginCache.GetExtensionPaths: Added default extension paths: C:\Program Files\dotnet\sdk\7.0.100\Extensions\Microsoft.Diagnostics.NETCore.Client.dll
C:\Program Files\dotnet\sdk\7.0.100\Extensions\Microsoft.TestPlatform.Extensions.BlameDataCollector.dll
C:\Program Files\dotnet\sdk\7.0.100\Extensions\Microsoft.TestPlatform.Extensions.EventLogCollector.dll
C:\Program Files\dotnet\sdk\7.0.100\Extensions\Microsoft.TestPlatform.TestHostRuntimeProvider.dll
C:\Program Files\dotnet\sdk\7.0.100\Extensions\Microsoft.VisualStudio.TestPlatform.Extensions.Html.TestLogger.dll
C:\Program Files\dotnet\sdk\7.0.100\Extensions\Microsoft.VisualStudio.TestPlatform.Extensions.Trx.TestLogger.dll
TpTrace Verbose: 0 : 16804, 7, 2023/02/27, 08:22:46.567, 4344622701496, vstest.console.dll, TestPluginCache.GetExtensionPaths: Added unfilterableExtensionPaths: 
TpTrace Verbose: 0 : 16804, 7, 2023/02/27, 08:22:46.572, 4344622758528, vstest.console.dll, TestRequestSender.InitializeExecution: Sending initialize execution with message: {"Version":7,"MessageType":"TestExecution.Initialize","Payload":["C:\\Users\\CarlosGamboa\\Development\\training\\back-end\\csharp\\CareerLead.Domain\\CareerLead.Domain.Test\\bin\\Debug\\net7.0\\fine-code-coverage\\build-output\\xunit.runner.visualstudio.dotnetcore.testadapter.dll"]}
TpTrace Warning: 0 : 16804, 7, 2023/02/27, 08:22:46.573, 4344622765733, vstest.console.dll, InferRunSettingsHelper.MakeRunsettingsCompatible: Removing the following settings: TargetPlatform from RunSettings file. To use those settings please move to latest version of Microsoft.NET.Test.Sdk
TpTrace Verbose: 0 : 16804, 10, 2023/02/27, 08:22:46.577, 4344622808090, vstest.console.dll, TcpClientExtensions.MessageLoopAsync: NotifyDataAvailable remoteEndPoint: 127.0.0.1:53389 localEndPoint: 127.0.0.1:53388
TpTrace Verbose: 0 : 16804, 10, 2023/02/27, 08:22:46.578, 4344622813539, vstest.console.dll, TestRequestSender.OnExecutionMessageReceived: Received message: {"Version":7,"MessageType":"TestSession.Message","Payload":{"MessageLevel":0,"Message":"Logging TestHost Diagnostics in file: C:\\Users\\CarlosGamboa\\Development\\training\\back-end\\csharp\\CareerLead.Domain\\CareerLead.Domain.Test\\bin\\Debug\\net7.0\\fine-code-coverage\\coverage-tool-output\\diagnostics.host.23-02-27_08-22-45_77432_7.log"}}
TpTrace Verbose: 0 : 16804, 10, 2023/02/27, 08:22:46.582, 4344622859935, vstest.console.dll, TestRunRequest:SendTestRunMessage: Starting.
TpTrace Verbose: 0 : 16804, 10, 2023/02/27, 08:22:46.583, 4344622863056, vstest.console.dll, MulticastDelegateUtilities.SafeInvoke: TestRun.LogMessages: Invoking callback 1/1 for Microsoft.VisualStudio.TestPlatform.CommandLine.TestRunResultAggregator., took 0 ms.
TpTrace Verbose: 0 : 16804, 4, 2023/02/27, 08:22:46.583, 4344622863235, vstest.console.dll, MulticastDelegateUtilities.SafeInvoke: InternalTestLoggerEvents.SendTestRunMessage: Invoking callback 1/1 for Microsoft.VisualStudio.TestPlatform.CommandLine.Internal.ConsoleLogger., took 0 ms.
TpTrace Information: 0 : 16804, 10, 2023/02/27, 08:22:46.583, 4344622864087, vstest.console.dll, TestRunRequest:SendTestRunMessage: Completed.
TpTrace Verbose: 0 : 16804, 10, 2023/02/27, 08:22:46.583, 4344622866451, vstest.console.dll, MulticastDelegateUtilities.SafeInvoke: LengthPrefixCommunicationChannel: MessageReceived: Invoking callback 1/1 for Microsoft.VisualStudio.TestPlatform.CommunicationUtilities.TestRequestSender+<>c__DisplayClass31_0., took 5 ms.
TpTrace Verbose: 0 : 16804, 10, 2023/02/27, 08:22:46.583, 4344622867318, vstest.console.dll, TcpClientExtensions.MessageLoopAsync: Polling on remoteEndPoint: 127.0.0.1:53389 localEndPoint: 127.0.0.1:53388
TpTrace Verbose: 0 : 16804, 7, 2023/02/27, 08:22:46.586, 4344622895266, vstest.console.dll, TestRequestSender.StartTestRun: Sending test run with message: {"Version":7,"MessageType":"TestExecution.StartWithSources","Payload":{"AdapterSourceMap":{"_none_":["C:\\Users\\CarlosGamboa\\Development\\training\\back-end\\csharp\\CareerLead.Domain\\CareerLead.Domain.Test\\bin\\Debug\\net7.0\\fine-code-coverage\\build-output\\CareerLead.Domain.Test.dll"]},"RunSettings":"<RunSettings>\r\n  <RunConfiguration>\r\n    <ResultsDirectory>C:\\Users\\CarlosGamboa\\Development\\training\\back-end\\csharp\\CareerLead.Domain\\CareerLead.Domain.Test\\bin\\Debug\\net7.0\\fine-code-coverage\\coverage-tool-output</ResultsDirectory>\r\n    <TargetFrameworkVersion>.NETCoreApp,Version=v7.0</TargetFrameworkVersion>\r\n    <DesignMode>False</DesignMode>\r\n    <CollectSourceInformation>False</CollectSourceInformation>\r\n  </RunConfiguration>\r\n  <LoggerRunSettings>\r\n    <Loggers>\r\n      <Logger friendlyName=\"blame\" enabled=\"True\" />\r\n      <Logger friendlyName=\"Console\" uri=\"logger://microsoft/TestPlatform/ConsoleLogger/v1\" assemblyQualifiedName=\"Microsoft.VisualStudio.TestPlatform.CommandLine.Internal.ConsoleLogger, vstest.console, Version=15.0.0.0, Culture=neutral, PublicKeyToken=b03f5f7f11d50a3a\" codeBase=\"C:\\Program Files\\dotnet\\sdk\\7.0.100\\vstest.console.dll\" enabled=\"True\" />\r\n    </Loggers>\r\n  </LoggerRunSettings>\r\n  <DataCollectionRunSettings>\r\n    <DataCollectors>\r\n      <DataCollector friendlyName=\"blame\" enabled=\"True\">\r\n        <Configuration>\r\n          <ResultsDirectory>C:\\Users\\CarlosGamboa\\Development\\training\\back-end\\csharp\\CareerLead.Domain\\CareerLead.Domain.Test\\bin\\Debug\\net7.0\\fine-code-coverage\\coverage-tool-output</ResultsDirectory>\r\n        </Configuration>\r\n      </DataCollector>\r\n    </DataCollectors>\r\n  </DataCollectionRunSettings>\r\n</RunSettings>","TestExecutionContext":{"FrequencyOfRunStatsChangeEvent":10,"RunStatsChangeEventTimeout":"00:00:01.5000000","InIsolation":false,"KeepAlive":false,"AreTestCaseLevelEventsRequired":false,"IsDebug":false,"TestCaseFilter":null,"FilterOptions":null},"Package":null}}
TpTrace Verbose: 0 : 16804, 10, 2023/02/27, 08:22:46.791, 4344624942822, vstest.console.dll, TcpClientExtensions.MessageLoopAsync: NotifyDataAvailable remoteEndPoint: 127.0.0.1:53389 localEndPoint: 127.0.0.1:53388
TpTrace Verbose: 0 : 16804, 10, 2023/02/27, 08:22:46.791, 4344624944919, vstest.console.dll, TestRequestSender.OnExecutionMessageReceived: Received message: {"Version":7,"MessageType":"TestSession.Message","Payload":{"MessageLevel":0,"Message":"[xUnit.net 00:00:00.00] xUnit.net VSTest Adapter v2.4.5+1caef2f33e (64-bit .NET 7.0.0)"}}
TpTrace Verbose: 0 : 16804, 10, 2023/02/27, 08:22:46.791, 4344624948992, vstest.console.dll, TestRunRequest:SendTestRunMessage: Starting.
TpTrace Verbose: 0 : 16804, 10, 2023/02/27, 08:22:46.791, 4344624950273, vstest.console.dll, MulticastDelegateUtilities.SafeInvoke: TestRun.LogMessages: Invoking callback 1/1 for Microsoft.VisualStudio.TestPlatform.CommandLine.TestRunResultAggregator., took 0 ms.
TpTrace Verbose: 0 : 16804, 4, 2023/02/27, 08:22:46.792, 4344624950578, vstest.console.dll, MulticastDelegateUtilities.SafeInvoke: InternalTestLoggerEvents.SendTestRunMessage: Invoking callback 1/1 for Microsoft.VisualStudio.TestPlatform.CommandLine.Internal.ConsoleLogger., took 0 ms.
TpTrace Information: 0 : 16804, 10, 2023/02/27, 08:22:46.792, 4344624952090, vstest.console.dll, TestRunRequest:SendTestRunMessage: Completed.
TpTrace Verbose: 0 : 16804, 10, 2023/02/27, 08:22:46.792, 4344624952997, vstest.console.dll, MulticastDelegateUtilities.SafeInvoke: LengthPrefixCommunicationChannel: MessageReceived: Invoking callback 1/1 for Microsoft.VisualStudio.TestPlatform.CommunicationUtilities.TestRequestSender+<>c__DisplayClass31_0., took 0 ms.
TpTrace Verbose: 0 : 16804, 10, 2023/02/27, 08:22:46.792, 4344624953771, vstest.console.dll, TcpClientExtensions.MessageLoopAsync: Polling on remoteEndPoint: 127.0.0.1:53389 localEndPoint: 127.0.0.1:53388
TpTrace Verbose: 0 : 16804, 10, 2023/02/27, 08:22:47.807, 4344635102961, vstest.console.dll, TcpClientExtensions.MessageLoopAsync: Polling on remoteEndPoint: 127.0.0.1:53389 localEndPoint: 127.0.0.1:53388
TpTrace Verbose: 0 : 16804, 10, 2023/02/27, 08:22:47.838, 4344635416395, vstest.console.dll, TcpClientExtensions.MessageLoopAsync: NotifyDataAvailable remoteEndPoint: 127.0.0.1:53389 localEndPoint: 127.0.0.1:53388
TpTrace Verbose: 0 : 16804, 10, 2023/02/27, 08:22:47.838, 4344635418236, vstest.console.dll, TestRequestSender.OnExecutionMessageReceived: Received message: {"Version":7,"MessageType":"TestSession.Message","Payload":{"MessageLevel":0,"Message":"[xUnit.net 00:00:01.05]   Discovering: CareerLead.Domain.Test"}}
TpTrace Verbose: 0 : 16804, 10, 2023/02/27, 08:22:47.839, 4344635420393, vstest.console.dll, TestRunRequest:SendTestRunMessage: Starting.
TpTrace Verbose: 0 : 16804, 10, 2023/02/27, 08:22:47.839, 4344635421625, vstest.console.dll, MulticastDelegateUtilities.SafeInvoke: TestRun.LogMessages: Invoking callback 1/1 for Microsoft.VisualStudio.TestPlatform.CommandLine.TestRunResultAggregator., took 0 ms.
TpTrace Information: 0 : 16804, 10, 2023/02/27, 08:22:47.839, 4344635422315, vstest.console.dll, TestRunRequest:SendTestRunMessage: Completed.
TpTrace Verbose: 0 : 16804, 4, 2023/02/27, 08:22:47.839, 4344635421940, vstest.console.dll, MulticastDelegateUtilities.SafeInvoke: InternalTestLoggerEvents.SendTestRunMessage: Invoking callback 1/1 for Microsoft.VisualStudio.TestPlatform.CommandLine.Internal.ConsoleLogger., took 0 ms.
TpTrace Verbose: 0 : 16804, 10, 2023/02/27, 08:22:47.839, 4344635422969, vstest.console.dll, MulticastDelegateUtilities.SafeInvoke: LengthPrefixCommunicationChannel: MessageReceived: Invoking callback 1/1 for Microsoft.VisualStudio.TestPlatform.CommunicationUtilities.TestRequestSender+<>c__DisplayClass31_0., took 0 ms.
TpTrace Verbose: 0 : 16804, 10, 2023/02/27, 08:22:47.839, 4344635424729, vstest.console.dll, TcpClientExtensions.MessageLoopAsync: Polling on remoteEndPoint: 127.0.0.1:53389 localEndPoint: 127.0.0.1:53388
TpTrace Verbose: 0 : 16804, 10, 2023/02/27, 08:22:47.886, 4344635891758, vstest.console.dll, TcpClientExtensions.MessageLoopAsync: NotifyDataAvailable remoteEndPoint: 127.0.0.1:53389 localEndPoint: 127.0.0.1:53388
TpTrace Verbose: 0 : 16804, 10, 2023/02/27, 08:22:47.886, 4344635894404, vstest.console.dll, TestRequestSender.OnExecutionMessageReceived: Received message: {"Version":7,"MessageType":"TestSession.Message","Payload":{"MessageLevel":0,"Message":"[xUnit.net 00:00:01.10]   Discovered:  CareerLead.Domain.Test"}}
TpTrace Verbose: 0 : 16804, 10, 2023/02/27, 08:22:47.886, 4344635896434, vstest.console.dll, TestRunRequest:SendTestRunMessage: Starting.
TpTrace Verbose: 0 : 16804, 10, 2023/02/27, 08:22:47.886, 4344635897473, vstest.console.dll, MulticastDelegateUtilities.SafeInvoke: TestRun.LogMessages: Invoking callback 1/1 for Microsoft.VisualStudio.TestPlatform.CommandLine.TestRunResultAggregator., took 0 ms.
TpTrace Verbose: 0 : 16804, 4, 2023/02/27, 08:22:47.886, 4344635897881, vstest.console.dll, MulticastDelegateUtilities.SafeInvoke: InternalTestLoggerEvents.SendTestRunMessage: Invoking callback 1/1 for Microsoft.VisualStudio.TestPlatform.CommandLine.Internal.ConsoleLogger., took 0 ms.
TpTrace Information: 0 : 16804, 10, 2023/02/27, 08:22:47.886, 4344635898066, vstest.console.dll, TestRunRequest:SendTestRunMessage: Completed.
TpTrace Verbose: 0 : 16804, 10, 2023/02/27, 08:22:47.886, 4344635899772, vstest.console.dll, MulticastDelegateUtilities.SafeInvoke: LengthPrefixCommunicationChannel: MessageReceived: Invoking callback 1/1 for Microsoft.VisualStudio.TestPlatform.CommunicationUtilities.TestRequestSender+<>c__DisplayClass31_0., took 0 ms.
TpTrace Verbose: 0 : 16804, 10, 2023/02/27, 08:22:47.886, 4344635900342, vstest.console.dll, TcpClientExtensions.MessageLoopAsync: Polling on remoteEndPoint: 127.0.0.1:53389 localEndPoint: 127.0.0.1:53388
TpTrace Verbose: 0 : 16804, 10, 2023/02/27, 08:22:47.891, 4344635944736, vstest.console.dll, TcpClientExtensions.MessageLoopAsync: NotifyDataAvailable remoteEndPoint: 127.0.0.1:53389 localEndPoint: 127.0.0.1:53388
TpTrace Verbose: 0 : 16804, 10, 2023/02/27, 08:22:47.891, 4344635946580, vstest.console.dll, TestRequestSender.OnExecutionMessageReceived: Received message: {"Version":7,"MessageType":"TestSession.Message","Payload":{"MessageLevel":0,"Message":"[xUnit.net 00:00:01.10]   Starting:    CareerLead.Domain.Test"}}
TpTrace Verbose: 0 : 16804, 10, 2023/02/27, 08:22:47.891, 4344635948369, vstest.console.dll, TestRunRequest:SendTestRunMessage: Starting.
TpTrace Verbose: 0 : 16804, 10, 2023/02/27, 08:22:47.891, 4344635949373, vstest.console.dll, MulticastDelegateUtilities.SafeInvoke: TestRun.LogMessages: Invoking callback 1/1 for Microsoft.VisualStudio.TestPlatform.CommandLine.TestRunResultAggregator., took 0 ms.
TpTrace Verbose: 0 : 16804, 4, 2023/02/27, 08:22:47.891, 4344635949630, vstest.console.dll, MulticastDelegateUtilities.SafeInvoke: InternalTestLoggerEvents.SendTestRunMessage: Invoking callback 1/1 for Microsoft.VisualStudio.TestPlatform.CommandLine.Internal.ConsoleLogger., took 0 ms.
TpTrace Information: 0 : 16804, 10, 2023/02/27, 08:22:47.891, 4344635950325, vstest.console.dll, TestRunRequest:SendTestRunMessage: Completed.
TpTrace Verbose: 0 : 16804, 10, 2023/02/27, 08:22:47.892, 4344635952038, vstest.console.dll, MulticastDelegateUtilities.SafeInvoke: LengthPrefixCommunicationChannel: MessageReceived: Invoking callback 1/1 for Microsoft.VisualStudio.TestPlatform.CommunicationUtilities.TestRequestSender+<>c__DisplayClass31_0., took 0 ms.
TpTrace Verbose: 0 : 16804, 10, 2023/02/27, 08:22:47.892, 4344635952676, vstest.console.dll, TcpClientExtensions.MessageLoopAsync: Polling on remoteEndPoint: 127.0.0.1:53389 localEndPoint: 127.0.0.1:53388
TpTrace Verbose: 0 : 16804, 10, 2023/02/27, 08:22:48.095, 4344637986587, vstest.console.dll, TcpClientExtensions.MessageLoopAsync: NotifyDataAvailable remoteEndPoint: 127.0.0.1:53389 localEndPoint: 127.0.0.1:53388
TpTrace Verbose: 0 : 16804, 10, 2023/02/27, 08:22:48.095, 4344637989635, vstest.console.dll, TestRequestSender.OnExecutionMessageReceived: Received message: {"Version":7,"MessageType":"TestExecution.StatsChange","Payload":{"NewTestResults":[{"TestCase":{"Id":"11bda9d3-cbd8-e5c8-b2d9-fa608e889406","FullyQualifiedName":"CareerLead.Domain.Test.Model.MenteeTest.menteeHasMidSeniorityByDefault","DisplayName":"CareerLead.Domain.Test.Model.MenteeTest.menteeHasMidSeniorityByDefault","ExecutorUri":"executor://xunit/VsTestRunner2/netcoreapp","Source":"C:\\Users\\CarlosGamboa\\Development\\training\\back-end\\csharp\\CareerLead.Domain\\CareerLead.Domain.Test\\bin\\Debug\\net7.0\\fine-code-coverage\\build-output\\CareerLead.Domain.Test.dll","CodeFilePath":null,"LineNumber":0,"Properties":[]},"Attachments":[],"Outcome":1,"ErrorMessage":null,"ErrorStackTrace":null,"DisplayName":"CareerLead.Domain.Test.Model.MenteeTest.menteeHasMidSeniorityByDefault","Messages":[],"ComputerName":"DESKTOP-PKJ7OKM","Duration":"00:00:00.0061002","StartTime":"2023-02-27T13:22:47.9961288+00:00","EndTime":"2023-02-27T13:22:47.9961618+00:00","Properties":[]},{"TestCase":{"Id":"3e3cc88e-2a33-530c-ad48-cb721f69f504","FullyQualifiedName":"CareerLead.Domain.Test.Model.MentorTest.givenAMenteesIsSubscribedToAMentorThenTheListIsNotEmpty","DisplayName":"CareerLead.Domain.Test.Model.MentorTest.givenAMenteesIsSubscribedToAMentorThenTheListIsNotEmpty","ExecutorUri":"executor://xunit/VsTestRunner2/netcoreapp","Source":"C:\\Users\\CarlosGamboa\\Development\\training\\back-end\\csharp\\CareerLead.Domain\\CareerLead.Domain.Test\\bin\\Debug\\net7.0\\fine-code-coverage\\build-output\\CareerLead.Domain.Test.dll","CodeFilePath":null,"LineNumber":0,"Properties":[]},"Attachments":[],"Outcome":1,"ErrorMessage":null,"ErrorStackTrace":null,"DisplayName":"CareerLead.Domain.Test.Model.MentorTest.givenAMenteesIsSubscribedToAMentorThenTheListIsNotEmpty","Messages":[],"ComputerName":"DESKTOP-PKJ7OKM","Duration":"00:00:00.0061123","StartTime":"2023-02-27T13:22:48.019952+00:00","EndTime":"2023-02-27T13:22:48.0199522+00:00","Properties":[]},{"TestCase":{"Id":"194981b6-29ec-010a-56d8-cd14bfb28589","FullyQualifiedName":"CareerLead.Domain.Test.Model.MenteeTest.canCreateEmployee","DisplayName":"CareerLead.Domain.Test.Model.MenteeTest.canCreateEmployee","ExecutorUri":"executor://xunit/VsTestRunner2/netcoreapp","Source":"C:\\Users\\CarlosGamboa\\Development\\training\\back-end\\csharp\\CareerLead.Domain\\CareerLead.Domain.Test\\bin\\Debug\\net7.0\\fine-code-coverage\\build-output\\CareerLead.Domain.Test.dll","CodeFilePath":null,"LineNumber":0,"Properties":[]},"Attachments":[],"Outcome":1,"ErrorMessage":null,"ErrorStackTrace":null,"DisplayName":"CareerLead.Domain.Test.Model.MenteeTest.canCreateEmployee","Messages":[],"ComputerName":"DESKTOP-PKJ7OKM","Duration":"00:00:00.0001856","StartTime":"2023-02-27T13:22:48.0286397+00:00","EndTime":"2023-02-27T13:22:48.0286399+00:00","Properties":[]},{"TestCase":{"Id":"17a5623a-10f0-b424-c84e-fd8313cb81c0","FullyQualifiedName":"CareerLead.Domain.Test.Model.MentorTest.canCreateMentor","DisplayName":"CareerLead.Domain.Test.Model.MentorTest.canCreateMentor","ExecutorUri":"executor://xunit/VsTestRunner2/netcoreapp","Source":"C:\\Users\\CarlosGamboa\\Development\\training\\back-end\\csharp\\CareerLead.Domain\\CareerLead.Domain.Test\\bin\\Debug\\net7.0\\fine-code-coverage\\build-output\\CareerLead.Domain.Test.dll","CodeFilePath":null,"LineNumber":0,"Properties":[]},"Attachments":[],"Outcome":1,"ErrorMessage":null,"ErrorStackTrace":null,"DisplayName":"CareerLead.Domain.Test.Model.MentorTest.canCreateMentor","Messages":[],"ComputerName":"DESKTOP-PKJ7OKM","Duration":"00:00:00.0002107","StartTime":"2023-02-27T13:22:48.0306747+00:00","EndTime":"2023-02-27T13:22:48.0306748+00:00","Properties":[]},{"TestCase":{"Id":"a79c5449-e60e-ed51-da8d-6af22a8e2f00","FullyQualifiedName":"CareerLead.Domain.Test.Model.MenteeTest.menteeCanSubscribeToAMentor","DisplayName":"CareerLead.Domain.Test.Model.MenteeTest.menteeCanSubscribeToAMentor","ExecutorUri":"executor://xunit/VsTestRunner2/netcoreapp","Source":"C:\\Users\\CarlosGamboa\\Development\\training\\back-end\\csharp\\CareerLead.Domain\\CareerLead.Domain.Test\\bin\\Debug\\net7.0\\fine-code-coverage\\build-output\\CareerLead.Domain.Test.dll","CodeFilePath":null,"LineNumber":0,"Properties":[]},"Attachments":[],"Outcome":1,"ErrorMessage":null,"ErrorStackTrace":null,"DisplayName":"CareerLead.Domain.Test.Model.MenteeTest.menteeCanSubscribeToAMentor","Messages":[],"ComputerName":"DESKTOP-PKJ7OKM","Duration":"00:00:00.0002880","StartTime":"2023-02-27T13:22:48.0350311+00:00","EndTime":"2023-02-27T13:22:48.0350313+00:00","Properties":[]},{"TestCase":{"Id":"ee865342-7ddb-e5e1-a3d5-d4aae79b5680","FullyQualifiedName":"CareerLead.Domain.Test.Model.MentorTest.givenASubscriberUnSubscribeThenItDisappearFromtheList","DisplayName":"CareerLead.Domain.Test.Model.MentorTest.givenASubscriberUnSubscribeThenItDisappearFromtheList","ExecutorUri":"executor://xunit/VsTestRunner2/netcoreapp","Source":"C:\\Users\\CarlosGamboa\\Development\\training\\back-end\\csharp\\CareerLead.Domain\\CareerLead.Domain.Test\\bin\\Debug\\net7.0\\fine-code-coverage\\build-output\\CareerLead.Domain.Test.dll","CodeFilePath":null,"LineNumber":0,"Properties":[]},"Attachments":[],"Outcome":1,"ErrorMessage":null,"ErrorStackTrace":null,"DisplayName":"CareerLead.Domain.Test.Model.MentorTest.givenASubscriberUnSubscribeThenItDisappearFromtheList","Messages":[],"ComputerName":"DESKTOP-PKJ7OKM","Duration":"00:00:00.0006130","StartTime":"2023-02-27T13:22:48.0378795+00:00","EndTime":"2023-02-27T13:22:48.0378797+00:00","Properties":[]},{"TestCase":{"Id":"f9d9203b-297c-f30f-26d9-0f5d447d7ec1","FullyQualifiedName":"CareerLead.Domain.Test.Model.MenteeTest.mmenteeCanUnsubscribeFromItsMentor","DisplayName":"CareerLead.Domain.Test.Model.MenteeTest.mmenteeCanUnsubscribeFromItsMentor","ExecutorUri":"executor://xunit/VsTestRunner2/netcoreapp","Source":"C:\\Users\\CarlosGamboa\\Development\\training\\back-end\\csharp\\CareerLead.Domain\\CareerLead.Domain.Test\\bin\\Debug\\net7.0\\fine-code-coverage\\build-output\\CareerLead.Domain.Test.dll","CodeFilePath":null,"LineNumber":0,"Properties":[]},"Attachments":[],"Outcome":1,"ErrorMessage":null,"ErrorStackTrace":null,"DisplayName":"CareerLead.Domain.Test.Model.MenteeTest.mmenteeCanUnsubscribeFromItsMentor","Messages":[],"ComputerName":"DESKTOP-PKJ7OKM","Duration":"00:00:00.0002923","StartTime":"2023-02-27T13:22:48.0394304+00:00","EndTime":"2023-02-27T13:22:48.0394305+00:00","Properties":[]},{"TestCase":{"Id":"7d8d9cf6-994e-9310-a3d5-069546d91f1e","FullyQualifiedName":"CareerLead.Domain.Test.Model.MenteeTest.menteeHasEmptyMentor","DisplayName":"CareerLead.Domain.Test.Model.MenteeTest.menteeHasEmptyMentor","ExecutorUri":"executor://xunit/VsTestRunner2/netcoreapp","Source":"C:\\Users\\CarlosGamboa\\Development\\training\\back-end\\csharp\\CareerLead.Domain\\CareerLead.Domain.Test\\bin\\Debug\\net7.0\\fine-code-coverage\\build-output\\CareerLead.Domain.Test.dll","CodeFilePath":null,"LineNumber":0,"Properties":[]},"Attachments":[],"Outcome":1,"ErrorMessage":null,"ErrorStackTrace":null,"DisplayName":"CareerLead.Domain.Test.Model.MenteeTest.menteeHasEmptyMentor","Messages":[],"ComputerName":"DESKTOP-PKJ7OKM","Duration":"00:00:00.0001700","StartTime":"2023-02-27T13:22:48.0428508+00:00","EndTime":"2023-02-27T13:22:48.042851+00:00","Properties":[]},{"TestCase":{"Id":"9a49fc47-556b-c633-0962-9f5a86d0d9e0","FullyQualifiedName":"CareerLead.Domain.Test.Model.MentorTest.givenIHaveMenteesThenICanNotifyThem","DisplayName":"CareerLead.Domain.Test.Model.MentorTest.givenIHaveMenteesThenICanNotifyThem","ExecutorUri":"executor://xunit/VsTestRunner2/netcoreapp","Source":"C:\\Users\\CarlosGamboa\\Development\\training\\back-end\\csharp\\CareerLead.Domain\\CareerLead.Domain.Test\\bin\\Debug\\net7.0\\fine-code-coverage\\build-output\\CareerLead.Domain.Test.dll","CodeFilePath":null,"LineNumber":0,"Properties":[]},"Attachments":[],"Outcome":1,"ErrorMessage":null,"ErrorStackTrace":null,"DisplayName":"CareerLead.Domain.Test.Model.MentorTest.givenIHaveMenteesThenICanNotifyThem","Messages":[],"ComputerName":"DESKTOP-PKJ7OKM","Duration":"00:00:00.0818909","StartTime":"2023-02-27T13:22:48.0573575+00:00","EndTime":"2023-02-27T13:22:48.0573577+00:00","Properties":[]}],"TestRunStatistics":{"ExecutedTests":9,"Stats":{"Passed":9}},"ActiveTests":[{"Id":"cfccc0bd-2d89-069a-14c1-c6150afc22ab","FullyQualifiedName":"CareerLead.Domain.Test.Model.MentorTest.canCreateEmptyMentor","DisplayName":"CareerLead.Domain.Test.Model.MentorTest.canCreateEmptyMentor","ExecutorUri":"executor://xunit/VsTestRunner2/netcoreapp","Source":"C:\\Users\\CarlosGamboa\\Development\\training\\back-end\\csharp\\CareerLead.Domain\\CareerLead.Domain.Test\\bin\\Debug\\net7.0\\fine-code-coverage\\build-output\\CareerLead.Domain.Test.dll","CodeFilePath":null,"LineNumber":0,"Properties":[]}]}}
TpTrace Verbose: 0 : 16804, 10, 2023/02/27, 08:22:48.125, 4344638282393, vstest.console.dll, TestRunRequest:SendTestRunStatsChange: Starting.
TpTrace Verbose: 0 : 16804, 10, 2023/02/27, 08:22:48.125, 4344638284809, vstest.console.dll, InProgress is CareerLead.Domain.Test.Model.MentorTest.canCreateEmptyMentor
TpTrace Verbose: 0 : 16804, 10, 2023/02/27, 08:22:48.125, 4344638288547, vstest.console.dll, MulticastDelegateUtilities.SafeInvoke: TestRun.RunStatsChanged: Invoking callbacks was skipped because there are no subscribers.
TpTrace Information: 0 : 16804, 10, 2023/02/27, 08:22:48.125, 4344638289242, vstest.console.dll, TestRunRequest:SendTestRunStatsChange: Completed.
TpTrace Verbose: 0 : 16804, 10, 2023/02/27, 08:22:48.125, 4344638289686, vstest.console.dll, MulticastDelegateUtilities.SafeInvoke: LengthPrefixCommunicationChannel: MessageReceived: Invoking callback 1/1 for Microsoft.VisualStudio.TestPlatform.CommunicationUtilities.TestRequestSender+<>c__DisplayClass31_0., took 30 ms.
TpTrace Verbose: 0 : 16804, 10, 2023/02/27, 08:22:48.125, 4344638290160, vstest.console.dll, TcpClientExtensions.MessageLoopAsync: Polling on remoteEndPoint: 127.0.0.1:53389 localEndPoint: 127.0.0.1:53388
TpTrace Verbose: 0 : 16804, 10, 2023/02/27, 08:22:48.126, 4344638290946, vstest.console.dll, TcpClientExtensions.MessageLoopAsync: NotifyDataAvailable remoteEndPoint: 127.0.0.1:53389 localEndPoint: 127.0.0.1:53388
TpTrace Verbose: 0 : 16804, 10, 2023/02/27, 08:22:48.126, 4344638291751, vstest.console.dll, TestRequestSender.OnExecutionMessageReceived: Received message: {"Version":7,"MessageType":"TestSession.Message","Payload":{"MessageLevel":0,"Message":"[xUnit.net 00:00:01.31]   Finished:    CareerLead.Domain.Test"}}
TpTrace Verbose: 0 : 16804, 10, 2023/02/27, 08:22:48.126, 4344638292801, vstest.console.dll, TestRunRequest:SendTestRunMessage: Starting.
TpTrace Verbose: 0 : 16804, 10, 2023/02/27, 08:22:48.126, 4344638293449, vstest.console.dll, MulticastDelegateUtilities.SafeInvoke: TestRun.LogMessages: Invoking callback 1/1 for Microsoft.VisualStudio.TestPlatform.CommandLine.TestRunResultAggregator., took 0 ms.
TpTrace Information: 0 : 16804, 10, 2023/02/27, 08:22:48.126, 4344638293909, vstest.console.dll, TestRunRequest:SendTestRunMessage: Completed.
TpTrace Verbose: 0 : 16804, 10, 2023/02/27, 08:22:48.126, 4344638294468, vstest.console.dll, MulticastDelegateUtilities.SafeInvoke: LengthPrefixCommunicationChannel: MessageReceived: Invoking callback 1/1 for Microsoft.VisualStudio.TestPlatform.CommunicationUtilities.TestRequestSender+<>c__DisplayClass31_0., took 0 ms.
TpTrace Verbose: 0 : 16804, 10, 2023/02/27, 08:22:48.126, 4344638294927, vstest.console.dll, TcpClientExtensions.MessageLoopAsync: Polling on remoteEndPoint: 127.0.0.1:53389 localEndPoint: 127.0.0.1:53388
TpTrace Verbose: 0 : 16804, 4, 2023/02/27, 08:22:48.131, 4344638346805, vstest.console.dll, MulticastDelegateUtilities.SafeInvoke: InternalTestLoggerEvents.SendTestResult: Invoking callback 1/1 for Microsoft.VisualStudio.TestPlatform.CommandLine.Internal.ConsoleLogger., took 5 ms.
TpTrace Verbose: 0 : 16804, 4, 2023/02/27, 08:22:48.132, 4344638350594, vstest.console.dll, MulticastDelegateUtilities.SafeInvoke: InternalTestLoggerEvents.SendTestResult: Invoking callback 1/1 for Microsoft.VisualStudio.TestPlatform.CommandLine.Internal.ConsoleLogger., took 0 ms.
TpTrace Verbose: 0 : 16804, 4, 2023/02/27, 08:22:48.132, 4344638351753, vstest.console.dll, MulticastDelegateUtilities.SafeInvoke: InternalTestLoggerEvents.SendTestResult: Invoking callback 1/1 for Microsoft.VisualStudio.TestPlatform.CommandLine.Internal.ConsoleLogger., took 0 ms.
TpTrace Verbose: 0 : 16804, 4, 2023/02/27, 08:22:48.132, 4344638352762, vstest.console.dll, MulticastDelegateUtilities.SafeInvoke: InternalTestLoggerEvents.SendTestResult: Invoking callback 1/1 for Microsoft.VisualStudio.TestPlatform.CommandLine.Internal.ConsoleLogger., took 0 ms.
TpTrace Verbose: 0 : 16804, 4, 2023/02/27, 08:22:48.132, 4344638353863, vstest.console.dll, MulticastDelegateUtilities.SafeInvoke: InternalTestLoggerEvents.SendTestResult: Invoking callback 1/1 for Microsoft.VisualStudio.TestPlatform.CommandLine.Internal.ConsoleLogger., took 0 ms.
TpTrace Verbose: 0 : 16804, 4, 2023/02/27, 08:22:48.132, 4344638355165, vstest.console.dll, MulticastDelegateUtilities.SafeInvoke: InternalTestLoggerEvents.SendTestResult: Invoking callback 1/1 for Microsoft.VisualStudio.TestPlatform.CommandLine.Internal.ConsoleLogger., took 0 ms.
TpTrace Verbose: 0 : 16804, 4, 2023/02/27, 08:22:48.132, 4344638356529, vstest.console.dll, MulticastDelegateUtilities.SafeInvoke: InternalTestLoggerEvents.SendTestResult: Invoking callback 1/1 for Microsoft.VisualStudio.TestPlatform.CommandLine.Internal.ConsoleLogger., took 0 ms.
TpTrace Verbose: 0 : 16804, 4, 2023/02/27, 08:22:48.132, 4344638357675, vstest.console.dll, MulticastDelegateUtilities.SafeInvoke: InternalTestLoggerEvents.SendTestResult: Invoking callback 1/1 for Microsoft.VisualStudio.TestPlatform.CommandLine.Internal.ConsoleLogger., took 0 ms.
TpTrace Verbose: 0 : 16804, 4, 2023/02/27, 08:22:48.132, 4344638358381, vstest.console.dll, MulticastDelegateUtilities.SafeInvoke: InternalTestLoggerEvents.SendTestResult: Invoking callback 1/1 for Microsoft.VisualStudio.TestPlatform.CommandLine.Internal.ConsoleLogger., took 0 ms.
TpTrace Verbose: 0 : 16804, 4, 2023/02/27, 08:22:48.132, 4344638358820, vstest.console.dll, MulticastDelegateUtilities.SafeInvoke: InternalTestLoggerEvents.SendTestRunMessage: Invoking callback 1/1 for Microsoft.VisualStudio.TestPlatform.CommandLine.Internal.ConsoleLogger., took 0 ms.
TpTrace Verbose: 0 : 16804, 10, 2023/02/27, 08:22:48.137, 4344638405120, vstest.console.dll, TcpClientExtensions.MessageLoopAsync: NotifyDataAvailable remoteEndPoint: 127.0.0.1:53389 localEndPoint: 127.0.0.1:53388
TpTrace Verbose: 0 : 16804, 10, 2023/02/27, 08:22:48.137, 4344638407386, vstest.console.dll, TestRequestSender.OnExecutionMessageReceived: Received message: {"Version":7,"MessageType":"TestExecution.Completed","Payload":{"TestRunCompleteArgs":{"TestRunStatistics":{"ExecutedTests":11,"Stats":{"Passed":11}},"IsCanceled":false,"IsAborted":false,"Error":null,"AttachmentSets":[],"InvokedDataCollectors":[],"ElapsedTimeInRunningTests":"00:00:01.3328653","Metrics":{},"DiscoveredExtensions":{"TestDiscoverers":["Xunit.Runner.VisualStudio.VsTestRunner, xunit.runner.visualstudio.dotnetcore.testadapter, Version=2.4.0.0, Culture=neutral, PublicKeyToken=8d05b1bb7a6fdb6c"],"TestExecutors":["executor://xunit/VsTestRunner2/netcoreapp"],"TestExecutors2":[],"TestSettingsProviders":[]}},"LastRunTests":{"NewTestResults":[{"TestCase":{"Id":"cfccc0bd-2d89-069a-14c1-c6150afc22ab","FullyQualifiedName":"CareerLead.Domain.Test.Model.MentorTest.canCreateEmptyMentor","DisplayName":"CareerLead.Domain.Test.Model.MentorTest.canCreateEmptyMentor","ExecutorUri":"executor://xunit/VsTestRunner2/netcoreapp","Source":"C:\\Users\\CarlosGamboa\\Development\\training\\back-end\\csharp\\CareerLead.Domain\\CareerLead.Domain.Test\\bin\\Debug\\net7.0\\fine-code-coverage\\build-output\\CareerLead.Domain.Test.dll","CodeFilePath":null,"LineNumber":0,"Properties":[]},"Attachments":[],"Outcome":1,"ErrorMessage":null,"ErrorStackTrace":null,"DisplayName":"CareerLead.Domain.Test.Model.MentorTest.canCreateEmptyMentor","Messages":[],"ComputerName":"DESKTOP-PKJ7OKM","Duration":"00:00:00.0002526","StartTime":"2023-02-27T13:22:48.0973277+00:00","EndTime":"2023-02-27T13:22:48.0973278+00:00","Properties":[]},{"TestCase":{"Id":"2c4c05bd-8ae9-2538-f7bd-b0cc16d2bc3d","FullyQualifiedName":"CareerLead.Domain.Test.Model.MentorTest.mentorHasEmptyMenteesByDefault","DisplayName":"CareerLead.Domain.Test.Model.MentorTest.mentorHasEmptyMenteesByDefault","ExecutorUri":"executor://xunit/VsTestRunner2/netcoreapp","Source":"C:\\Users\\CarlosGamboa\\Development\\training\\back-end\\csharp\\CareerLead.Domain\\CareerLead.Domain.Test\\bin\\Debug\\net7.0\\fine-code-coverage\\build-output\\CareerLead.Domain.Test.dll","CodeFilePath":null,"LineNumber":0,"Properties":[]},"Attachments":[],"Outcome":1,"ErrorMessage":null,"ErrorStackTrace":null,"DisplayName":"CareerLead.Domain.Test.Model.MentorTest.mentorHasEmptyMenteesByDefault","Messages":[],"ComputerName":"DESKTOP-PKJ7OKM","Duration":"00:00:00.0001281","StartTime":"2023-02-27T13:22:48.1016341+00:00","EndTime":"2023-02-27T13:22:48.1016344+00:00","Properties":[]}],"TestRunStatistics":{"ExecutedTests":11,"Stats":{"Passed":11}},"ActiveTests":[]},"RunAttachments":[],"ExecutorUris":["executor://xunit/VsTestRunner2/netcoreapp"]}}
TpTrace Verbose: 0 : 16804, 10, 2023/02/27, 08:22:48.137, 4344638408801, vstest.console.dll, TestRequestSender.EndSession: Sending end session.
TpTrace Verbose: 0 : 16804, 10, 2023/02/27, 08:22:48.138, 4344638410954, vstest.console.dll, ProxyOperationManager.Close: waiting for test host to exit for 100 ms
TpTrace Warning: 0 : 16804, 11, 2023/02/27, 08:22:48.179, 4344638826917, vstest.console.dll, TestHostManagerCallbacks.ErrorReceivedCallback Test host standard error line: 
TpTrace Verbose: 0 : 16804, 11, 2023/02/27, 08:22:48.203, 4344639069792, vstest.console.dll, TestHostProvider.ExitCallBack: Host exited starting callback.
TpTrace Information: 0 : 16804, 11, 2023/02/27, 08:22:48.204, 4344639072306, vstest.console.dll, TestHostManagerCallbacks.ExitCallBack: Testhost processId: 30864 exited with exitcode: 0 error: ''
TpTrace Verbose: 0 : 16804, 11, 2023/02/27, 08:22:48.204, 4344639073034, vstest.console.dll, DotnetTestHostManager.OnHostExited: invoking OnHostExited callback
TpTrace Verbose: 0 : 16804, 11, 2023/02/27, 08:22:48.204, 4344639073774, vstest.console.dll, CrossPlatEngine.TestHostManagerHostExited: calling on client process exit callback.
TpTrace Information: 0 : 16804, 11, 2023/02/27, 08:22:48.204, 4344639074567, vstest.console.dll, TestRequestSender.OnClientProcessExit: Test host process exited. Standard error: 
TpTrace Information: 0 : 16804, 11, 2023/02/27, 08:22:48.204, 4344639075318, vstest.console.dll, SocketServer.Stop: Stop server endPoint: 127.0.0.1:53388
TpTrace Information: 0 : 16804, 11, 2023/02/27, 08:22:48.204, 4344639075865, vstest.console.dll, SocketServer.Stop: Cancellation requested. Stopping message loop.
TpTrace Information: 0 : 16804, 10, 2023/02/27, 08:22:48.204, 4344639075871, vstest.console.dll, SocketServer.Stop: Stop server endPoint: 127.0.0.1:53388
TpTrace Information: 0 : 16804, 10, 2023/02/27, 08:22:48.204, 4344639077182, vstest.console.dll, SocketServer.Stop: Cancellation requested. Stopping message loop.
TpTrace Verbose: 0 : 16804, 11, 2023/02/27, 08:22:48.204, 4344639077147, vstest.console.dll, MulticastDelegateUtilities.SafeInvoke: HostProviderEvents.OnHostExited: Invoking callback 1/1 for Microsoft.VisualStudio.TestPlatform.CrossPlatEngine.Client.ProxyOperationManager., took 0 ms.
TpTrace Information: 0 : 16804, 10, 2023/02/27, 08:22:48.204, 4344639077990, vstest.console.dll, Closing the connection
TpTrace Verbose: 0 : 16804, 10, 2023/02/27, 08:22:48.205, 4344639081485, vstest.console.dll, ProxyDataCollectionManager.InvokeDataCollectionServiceAction: Starting.
TpTrace Information: 0 : 16804, 10, 2023/02/27, 08:22:48.205, 4344639082112, vstest.console.dll, ProxyDataCollectionManager.AfterTestRunEnd: Get attachment set and invoked data collectors processId: 24336 port: 53385
TpTrace Verbose: 0 : 16804, 10, 2023/02/27, 08:22:48.205, 4344639082692, vstest.console.dll, DataCollectionRequestSender.SendAfterTestRunStartAndGetResult: Send AfterTestRunEnd message with isCancelled: False
TpTrace Verbose: 0 : 16804, 10, 2023/02/27, 08:22:48.217, 4344639206479, vstest.console.dll, DataCollectionRequestSender.SendAfterTestRunStartAndGetResult: Received message: (DataCollection.AfterTestRunEndResult) -> {"MessageType":"DataCollection.AfterTestRunEndResult","Payload":{"AttachmentSets":[],"InvokedDataCollectors":[{"Uri":"datacollector://Microsoft/TestPlatform/Extensions/Blame/v1","FriendlyName":"Blame","AssemblyQualifiedName":"Microsoft.TestPlatform.Extensions.BlameDataCollector.BlameCollector, Microsoft.TestPlatform.Extensions.BlameDataCollector, Version=15.0.0.0, Culture=neutral, PublicKeyToken=b03f5f7f11d50a3a","FilePath":"C:\\Program Files\\dotnet\\sdk\\7.0.100\\Extensions\\Microsoft.TestPlatform.Extensions.BlameDataCollector.dll","HasAttachmentProcessor":false}],"Metrics":{}}}
TpTrace Information: 0 : 16804, 10, 2023/02/27, 08:22:48.224, 4344639276550, vstest.console.dll, ProxyDataCollectionManager.InvokeDataCollectionServiceAction: Completed.
TpTrace Warning: 0 : 16804, 9, 2023/02/27, 08:22:48.225, 4344639282394, vstest.console.dll, DataCollectionLauncher.ErrorReceivedCallback datacollector standard error line: 
TpTrace Information: 0 : 16804, 9, 2023/02/27, 08:22:48.236, 4344639398696, vstest.console.dll, DataCollectionLauncher.ExitCallBack: Data collector exited with exitcode: 0 error: ''
TpTrace Verbose: 0 : 16804, 10, 2023/02/27, 08:22:48.280, 4344639834357, vstest.console.dll, TestRunRequest:SendTestRunStatsChange: Starting.
TpTrace Verbose: 0 : 16804, 10, 2023/02/27, 08:22:48.280, 4344639837029, vstest.console.dll, MulticastDelegateUtilities.SafeInvoke: TestRun.RunStatsChanged: Invoking callbacks was skipped because there are no subscribers.
TpTrace Information: 0 : 16804, 10, 2023/02/27, 08:22:48.280, 4344639837680, vstest.console.dll, TestRunRequest:SendTestRunStatsChange: Completed.
TpTrace Verbose: 0 : 16804, 4, 2023/02/27, 08:22:48.280, 4344639837644, vstest.console.dll, MulticastDelegateUtilities.SafeInvoke: InternalTestLoggerEvents.SendTestResult: Invoking callback 1/1 for Microsoft.VisualStudio.TestPlatform.CommandLine.Internal.ConsoleLogger., took 0 ms.
TpTrace Verbose: 0 : 16804, 10, 2023/02/27, 08:22:48.281, 4344639845876, vstest.console.dll, ParallelProxyExecutionManager: HandlePartialRunComplete: Total completed clients = 1, Run complete = True, Run canceled: False.
TpTrace Verbose: 0 : 16804, 4, 2023/02/27, 08:22:48.282, 4344639854698, vstest.console.dll, MulticastDelegateUtilities.SafeInvoke: InternalTestLoggerEvents.SendTestResult: Invoking callback 1/1 for Microsoft.VisualStudio.TestPlatform.CommandLine.Internal.ConsoleLogger., took 1 ms.
TpTrace Verbose: 0 : 16804, 4, 2023/02/27, 08:22:48.296, 4344639993322, vstest.console.dll, MulticastDelegateUtilities.SafeInvoke: InternalTestLoggerEvents.SendTestRunComplete: Invoking callback 1/2 for Microsoft.TestPlatform.Extensions.BlameDataCollector.BlameLogger., took 0 ms.
TpTrace Verbose: 0 : 16804, 4, 2023/02/27, 08:22:48.306, 4344640092827, vstest.console.dll, MulticastDelegateUtilities.SafeInvoke: InternalTestLoggerEvents.SendTestRunComplete: Invoking callback 2/2 for Microsoft.VisualStudio.TestPlatform.CommandLine.Internal.ConsoleLogger., took 9 ms.
TpTrace Verbose: 0 : 16804, 10, 2023/02/27, 08:22:48.306, 4344640097754, vstest.console.dll, TestRunRequest:TestRunComplete: Starting. IsAborted:False IsCanceled:False.
TpTrace Verbose: 0 : 16804, 10, 2023/02/27, 08:22:48.308, 4344640119999, vstest.console.dll, TestLoggerManager.HandleTestRunComplete: Ignoring as the object is disposed.
TpTrace Verbose: 0 : 16804, 10, 2023/02/27, 08:22:48.309, 4344640124005, vstest.console.dll, MulticastDelegateUtilities.SafeInvoke: TestRun.TestRunComplete: Invoking callback 1/2 for Microsoft.VisualStudio.TestPlatform.CommandLine.TestRunResultAggregator., took 0 ms.
TpTrace Verbose: 0 : 16804, 10, 2023/02/27, 08:22:48.309, 4344640126708, vstest.console.dll, MulticastDelegateUtilities.SafeInvoke: TestRun.TestRunComplete: Invoking callback 2/2 for Microsoft.VisualStudio.TestPlatform.CommandLine.Processors.RunTestsArgumentExecutor+TestRunRequestEventsRegistrar., took 0 ms.
TpTrace Information: 0 : 16804, 10, 2023/02/27, 08:22:48.309, 4344640128247, vstest.console.dll, TestRunRequest:TestRunComplete: Completed.
TpTrace Verbose: 0 : 16804, 10, 2023/02/27, 08:22:48.309, 4344640129022, vstest.console.dll, TestRequestSender.SetOperationComplete: Setting operation complete.
TpTrace Verbose: 0 : 16804, 1, 2023/02/27, 08:22:48.309, 4344640129005, vstest.console.dll, TestRunRequest.Dispose: Starting.
TpTrace Information: 0 : 16804, 10, 2023/02/27, 08:22:48.309, 4344640129676, vstest.console.dll, SocketServer.Stop: Stop server endPoint: 127.0.0.1:53388
TpTrace Information: 0 : 16804, 1, 2023/02/27, 08:22:48.310, 4344640130819, vstest.console.dll, TestRunRequest.Dispose: Completed.
TpTrace Information: 0 : 16804, 10, 2023/02/27, 08:22:48.310, 4344640131656, vstest.console.dll, SocketServer.Stop: Cancellation requested. Stopping message loop.
TpTrace Information: 0 : 16804, 1, 2023/02/27, 08:22:48.310, 4344640132736, vstest.console.dll, TestRequestManager.RunTests: run tests completed.
TpTrace Verbose: 0 : 16804, 10, 2023/02/27, 08:22:48.310, 4344640133379, vstest.console.dll, MulticastDelegateUtilities.SafeInvoke: LengthPrefixCommunicationChannel: MessageReceived: Invoking callback 1/1 for Microsoft.VisualStudio.TestPlatform.CommunicationUtilities.TestRequestSender+<>c__DisplayClass31_0., took 172 ms.
TpTrace Information: 0 : 16804, 10, 2023/02/27, 08:22:48.310, 4344640134801, vstest.console.dll, SocketServer.PrivateStop: Stopping server endPoint: 127.0.0.1:53388 error: 
TpTrace Information: 0 : 16804, 1, 2023/02/27, 08:22:48.310, 4344640135390, vstest.console.dll, RunTestsArgumentProcessor:Execute: Test run is completed.
TpTrace Verbose: 0 : 16804, 1, 2023/02/27, 08:22:48.310, 4344640138277, vstest.console.dll, Executor.Execute: Exiting with exit code of 0
TpTrace Verbose: 0 : 16804, 10, 2023/02/27, 08:22:48.311, 4344640140722, vstest.console.dll, LengthPrefixCommunicationChannel.Dispose: Dispose reader and writer.
TpTrace Information: 0 : 16804, 10, 2023/02/27, 08:22:48.311, 4344640141841, vstest.console.dll, SocketServer.Stop: Raise disconnected event endPoint: 127.0.0.1:53388 error: 
TpTrace Verbose: 0 : 16804, 10, 2023/02/27, 08:22:48.311, 4344640143168, vstest.console.dll, TestRequestSender: OnTestRunAbort: Operation is already complete. Skip error message.
TpTrace Verbose: 0 : 16804, 10, 2023/02/27, 08:22:48.311, 4344640143884, vstest.console.dll, MulticastDelegateUtilities.SafeInvoke: SocketServer: ClientDisconnected: Invoking callback 1/1 for Microsoft.VisualStudio.TestPlatform.CommunicationUtilities.TestRequestSender., took 0 ms.
TpTrace Verbose: 0 : 16804, 10, 2023/02/27, 08:22:48.311, 4344640144409, vstest.console.dll, TcpClientExtensions.MessageLoopAsync: exiting MessageLoopAsync remoteEndPoint: 127.0.0.1:53389 localEndPoint: 127.0.0.1:53388
